[2022-07-22 15:02:39,638] {taskinstance.py:1032} INFO - Dependencies all met for <TaskInstance: data_ingestion_dag.concat_dataset_task manual__2022-07-22T15:01:14.924217+00:00 [queued]>
[2022-07-22 15:02:39,658] {taskinstance.py:1032} INFO - Dependencies all met for <TaskInstance: data_ingestion_dag.concat_dataset_task manual__2022-07-22T15:01:14.924217+00:00 [queued]>
[2022-07-22 15:02:39,658] {taskinstance.py:1238} INFO - 
--------------------------------------------------------------------------------
[2022-07-22 15:02:39,658] {taskinstance.py:1239} INFO - Starting attempt 2 of 2
[2022-07-22 15:02:39,659] {taskinstance.py:1240} INFO - 
--------------------------------------------------------------------------------
[2022-07-22 15:02:39,687] {taskinstance.py:1259} INFO - Executing <Task(PythonOperator): concat_dataset_task> on 2022-07-22 15:01:14.924217+00:00
[2022-07-22 15:02:39,696] {standard_task_runner.py:52} INFO - Started process 5949 to run task
[2022-07-22 15:02:39,707] {standard_task_runner.py:76} INFO - Running: ['***', 'tasks', 'run', 'data_ingestion_dag', 'concat_dataset_task', 'manual__2022-07-22T15:01:14.924217+00:00', '--job-id', '11', '--raw', '--subdir', 'DAGS_FOLDER/data_ingestion_dag.py', '--cfg-path', '/tmp/tmpsoowoy3p', '--error-file', '/tmp/tmpvqp6d_lu']
[2022-07-22 15:02:39,709] {standard_task_runner.py:77} INFO - Job 11: Subtask concat_dataset_task
[2022-07-22 15:02:39,824] {logging_mixin.py:109} INFO - Running <TaskInstance: data_ingestion_dag.concat_dataset_task manual__2022-07-22T15:01:14.924217+00:00 [running]> on host b53e6dc6abdf
[2022-07-22 15:02:39,946] {taskinstance.py:1426} INFO - Exporting the following env vars:
AIRFLOW_CTX_DAG_OWNER=***
AIRFLOW_CTX_DAG_ID=data_ingestion_dag
AIRFLOW_CTX_TASK_ID=concat_dataset_task
AIRFLOW_CTX_EXECUTION_DATE=2022-07-22T15:01:14.924217+00:00
AIRFLOW_CTX_DAG_RUN_ID=manual__2022-07-22T15:01:14.924217+00:00
[2022-07-22 15:02:40,010] {python.py:175} INFO - Done. Returned value was: None
[2022-07-22 15:02:40,027] {taskinstance.py:1277} INFO - Marking task as SUCCESS. dag_id=data_ingestion_dag, task_id=concat_dataset_task, execution_date=20220722T150114, start_date=20220722T150239, end_date=20220722T150240
[2022-07-22 15:02:40,088] {local_task_job.py:154} INFO - Task exited with return code 0
[2022-07-22 15:02:40,136] {local_task_job.py:264} INFO - 0 downstream tasks scheduled from follow-on schedule check
