[2022-07-22 15:12:18,768] {taskinstance.py:1032} INFO - Dependencies all met for <TaskInstance: data_ingestion_dag.concat_dataset_task manual__2022-07-22T15:01:14.924217+00:00 [queued]>
[2022-07-22 15:12:18,788] {taskinstance.py:1032} INFO - Dependencies all met for <TaskInstance: data_ingestion_dag.concat_dataset_task manual__2022-07-22T15:01:14.924217+00:00 [queued]>
[2022-07-22 15:12:18,788] {taskinstance.py:1238} INFO - 
--------------------------------------------------------------------------------
[2022-07-22 15:12:18,789] {taskinstance.py:1239} INFO - Starting attempt 5 of 5
[2022-07-22 15:12:18,789] {taskinstance.py:1240} INFO - 
--------------------------------------------------------------------------------
[2022-07-22 15:12:18,814] {taskinstance.py:1259} INFO - Executing <Task(PythonOperator): concat_dataset_task> on 2022-07-22 15:01:14.924217+00:00
[2022-07-22 15:12:18,821] {standard_task_runner.py:52} INFO - Started process 6761 to run task
[2022-07-22 15:12:18,832] {standard_task_runner.py:76} INFO - Running: ['***', 'tasks', 'run', 'data_ingestion_dag', 'concat_dataset_task', 'manual__2022-07-22T15:01:14.924217+00:00', '--job-id', '17', '--raw', '--subdir', 'DAGS_FOLDER/data_ingestion_dag.py', '--cfg-path', '/tmp/tmpvgdjpmak', '--error-file', '/tmp/tmp98ceoprd']
[2022-07-22 15:12:18,834] {standard_task_runner.py:77} INFO - Job 17: Subtask concat_dataset_task
[2022-07-22 15:12:18,912] {logging_mixin.py:109} INFO - Running <TaskInstance: data_ingestion_dag.concat_dataset_task manual__2022-07-22T15:01:14.924217+00:00 [running]> on host b53e6dc6abdf
[2022-07-22 15:12:18,979] {taskinstance.py:1426} INFO - Exporting the following env vars:
AIRFLOW_CTX_DAG_OWNER=***
AIRFLOW_CTX_DAG_ID=data_ingestion_dag
AIRFLOW_CTX_TASK_ID=concat_dataset_task
AIRFLOW_CTX_EXECUTION_DATE=2022-07-22T15:01:14.924217+00:00
AIRFLOW_CTX_DAG_RUN_ID=manual__2022-07-22T15:01:14.924217+00:00
[2022-07-22 15:12:19,006] {data_ingestion_dag.py:34} INFO -                  name        price
0      William Garcia  258.1809089
1     Barbara Freeman   141.890534
2   Rebecca Zimmerman   293.373272
3  Patricia Velasquez  249.9479246
4        Ronnie Clark   272.908659
[2022-07-22 15:12:19,043] {python.py:175} INFO - Done. Returned value was: None
[2022-07-22 15:12:19,064] {taskinstance.py:1277} INFO - Marking task as SUCCESS. dag_id=data_ingestion_dag, task_id=concat_dataset_task, execution_date=20220722T150114, start_date=20220722T151218, end_date=20220722T151219
[2022-07-22 15:12:19,128] {local_task_job.py:154} INFO - Task exited with return code 0
[2022-07-22 15:12:19,165] {local_task_job.py:264} INFO - 0 downstream tasks scheduled from follow-on schedule check
