[2022-07-22 15:02:36,787] {taskinstance.py:1032} INFO - Dependencies all met for <TaskInstance: data_ingestion_dag.download_dataset_task manual__2022-07-22T15:01:14.924217+00:00 [queued]>
[2022-07-22 15:02:36,812] {taskinstance.py:1032} INFO - Dependencies all met for <TaskInstance: data_ingestion_dag.download_dataset_task manual__2022-07-22T15:01:14.924217+00:00 [queued]>
[2022-07-22 15:02:36,812] {taskinstance.py:1238} INFO - 
--------------------------------------------------------------------------------
[2022-07-22 15:02:36,813] {taskinstance.py:1239} INFO - Starting attempt 2 of 2
[2022-07-22 15:02:36,813] {taskinstance.py:1240} INFO - 
--------------------------------------------------------------------------------
[2022-07-22 15:02:36,842] {taskinstance.py:1259} INFO - Executing <Task(PythonOperator): download_dataset_task> on 2022-07-22 15:01:14.924217+00:00
[2022-07-22 15:02:36,857] {standard_task_runner.py:52} INFO - Started process 5936 to run task
[2022-07-22 15:02:36,863] {standard_task_runner.py:76} INFO - Running: ['***', 'tasks', 'run', 'data_ingestion_dag', 'download_dataset_task', 'manual__2022-07-22T15:01:14.924217+00:00', '--job-id', '10', '--raw', '--subdir', 'DAGS_FOLDER/data_ingestion_dag.py', '--cfg-path', '/tmp/tmp58brfxuy', '--error-file', '/tmp/tmp4bmap9je']
[2022-07-22 15:02:36,866] {standard_task_runner.py:77} INFO - Job 10: Subtask download_dataset_task
[2022-07-22 15:02:36,955] {logging_mixin.py:109} INFO - Running <TaskInstance: data_ingestion_dag.download_dataset_task manual__2022-07-22T15:01:14.924217+00:00 [running]> on host b53e6dc6abdf
[2022-07-22 15:02:37,053] {taskinstance.py:1426} INFO - Exporting the following env vars:
AIRFLOW_CTX_DAG_OWNER=***
AIRFLOW_CTX_DAG_ID=data_ingestion_dag
AIRFLOW_CTX_TASK_ID=download_dataset_task
AIRFLOW_CTX_EXECUTION_DATE=2022-07-22T15:01:14.924217+00:00
AIRFLOW_CTX_DAG_RUN_ID=manual__2022-07-22T15:01:14.924217+00:00
[2022-07-22 15:02:37,304] {python.py:175} INFO - Done. Returned value was: None
[2022-07-22 15:02:37,324] {taskinstance.py:1277} INFO - Marking task as SUCCESS. dag_id=data_ingestion_dag, task_id=download_dataset_task, execution_date=20220722T150114, start_date=20220722T150236, end_date=20220722T150237
[2022-07-22 15:02:37,359] {local_task_job.py:154} INFO - Task exited with return code 0
[2022-07-22 15:02:37,450] {local_task_job.py:264} INFO - 1 downstream tasks scheduled from follow-on schedule check
