[2022-07-22 15:20:44,152] {taskinstance.py:1032} INFO - Dependencies all met for <TaskInstance: data_ingestion_dag.concat_dataset_task manual__2022-07-22T15:01:14.924217+00:00 [queued]>
[2022-07-22 15:20:44,166] {taskinstance.py:1032} INFO - Dependencies all met for <TaskInstance: data_ingestion_dag.concat_dataset_task manual__2022-07-22T15:01:14.924217+00:00 [queued]>
[2022-07-22 15:20:44,166] {taskinstance.py:1238} INFO - 
--------------------------------------------------------------------------------
[2022-07-22 15:20:44,166] {taskinstance.py:1239} INFO - Starting attempt 6 of 6
[2022-07-22 15:20:44,166] {taskinstance.py:1240} INFO - 
--------------------------------------------------------------------------------
[2022-07-22 15:20:44,180] {taskinstance.py:1259} INFO - Executing <Task(PythonOperator): concat_dataset_task> on 2022-07-22 15:01:14.924217+00:00
[2022-07-22 15:20:44,186] {standard_task_runner.py:52} INFO - Started process 7431 to run task
[2022-07-22 15:20:44,191] {standard_task_runner.py:76} INFO - Running: ['***', 'tasks', 'run', 'data_ingestion_dag', 'concat_dataset_task', 'manual__2022-07-22T15:01:14.924217+00:00', '--job-id', '19', '--raw', '--subdir', 'DAGS_FOLDER/data_ingestion_dag.py', '--cfg-path', '/tmp/tmpjd6go8ts', '--error-file', '/tmp/tmphws1plzy']
[2022-07-22 15:20:44,192] {standard_task_runner.py:77} INFO - Job 19: Subtask concat_dataset_task
[2022-07-22 15:20:44,256] {logging_mixin.py:109} INFO - Running <TaskInstance: data_ingestion_dag.concat_dataset_task manual__2022-07-22T15:01:14.924217+00:00 [running]> on host b53e6dc6abdf
[2022-07-22 15:20:44,322] {taskinstance.py:1426} INFO - Exporting the following env vars:
AIRFLOW_CTX_DAG_OWNER=***
AIRFLOW_CTX_DAG_ID=data_ingestion_dag
AIRFLOW_CTX_TASK_ID=concat_dataset_task
AIRFLOW_CTX_EXECUTION_DATE=2022-07-22T15:01:14.924217+00:00
AIRFLOW_CTX_DAG_RUN_ID=manual__2022-07-22T15:01:14.924217+00:00
[2022-07-22 15:20:44,346] {data_ingestion_dag.py:34} INFO -                  name        price
0      William Garcia  258.1809089
1     Barbara Freeman   141.890534
2   Rebecca Zimmerman   293.373272
3  Patricia Velasquez  249.9479246
4        Ronnie Clark   272.908659
[2022-07-22 15:20:44,355] {data_ingestion_dag.py:35} INFO - 10000
[2022-07-22 15:20:44,355] {data_ingestion_dag.py:36} INFO - /opt/***/dataset_staging.csv
[2022-07-22 15:20:44,379] {python.py:175} INFO - Done. Returned value was: None
[2022-07-22 15:20:44,397] {taskinstance.py:1277} INFO - Marking task as SUCCESS. dag_id=data_ingestion_dag, task_id=concat_dataset_task, execution_date=20220722T150114, start_date=20220722T152044, end_date=20220722T152044
[2022-07-22 15:20:44,443] {local_task_job.py:154} INFO - Task exited with return code 0
[2022-07-22 15:20:44,480] {local_task_job.py:264} INFO - 0 downstream tasks scheduled from follow-on schedule check
