[2022-02-08 16:13:25,497] {processor.py:163} INFO - Started process (PID=195) to work on /opt/airflow/dags/fhv_gcs_dag.py
[2022-02-08 16:13:25,500] {processor.py:642} INFO - Processing file /opt/airflow/dags/fhv_gcs_dag.py for tasks to queue
[2022-02-08 16:13:25,502] {logging_mixin.py:109} INFO - [2022-02-08 16:13:25,502] {dagbag.py:500} INFO - Filling up the DagBag from /opt/airflow/dags/fhv_gcs_dag.py
[2022-02-08 16:13:26,505] {processor.py:654} INFO - DAG(s) dict_keys(['fhv_gcs_dag']) retrieved from /opt/airflow/dags/fhv_gcs_dag.py
[2022-02-08 16:13:26,522] {logging_mixin.py:109} INFO - [2022-02-08 16:13:26,522] {dag.py:2396} INFO - Sync 1 DAGs
[2022-02-08 16:13:26,647] {logging_mixin.py:109} INFO - [2022-02-08 16:13:26,647] {dag.py:2935} INFO - Setting next_dagrun for fhv_gcs_dag to None
[2022-02-08 16:13:26,676] {processor.py:171} INFO - Processing /opt/airflow/dags/fhv_gcs_dag.py took 1.187 seconds
[2022-02-08 16:13:56,851] {processor.py:163} INFO - Started process (PID=243) to work on /opt/airflow/dags/fhv_gcs_dag.py
[2022-02-08 16:13:56,854] {processor.py:642} INFO - Processing file /opt/airflow/dags/fhv_gcs_dag.py for tasks to queue
[2022-02-08 16:13:56,855] {logging_mixin.py:109} INFO - [2022-02-08 16:13:56,855] {dagbag.py:500} INFO - Filling up the DagBag from /opt/airflow/dags/fhv_gcs_dag.py
[2022-02-08 16:13:57,495] {processor.py:654} INFO - DAG(s) dict_keys(['fhv_gcs_dag']) retrieved from /opt/airflow/dags/fhv_gcs_dag.py
[2022-02-08 16:13:57,504] {logging_mixin.py:109} INFO - [2022-02-08 16:13:57,504] {dag.py:2396} INFO - Sync 1 DAGs
[2022-02-08 16:13:57,573] {logging_mixin.py:109} INFO - [2022-02-08 16:13:57,573] {dag.py:2935} INFO - Setting next_dagrun for fhv_gcs_dag to None
[2022-02-08 16:13:57,583] {processor.py:171} INFO - Processing /opt/airflow/dags/fhv_gcs_dag.py took 0.735 seconds
[2022-02-08 16:14:28,526] {processor.py:163} INFO - Started process (PID=301) to work on /opt/airflow/dags/fhv_gcs_dag.py
[2022-02-08 16:14:28,527] {processor.py:642} INFO - Processing file /opt/airflow/dags/fhv_gcs_dag.py for tasks to queue
[2022-02-08 16:14:28,528] {logging_mixin.py:109} INFO - [2022-02-08 16:14:28,528] {dagbag.py:500} INFO - Filling up the DagBag from /opt/airflow/dags/fhv_gcs_dag.py
[2022-02-08 16:14:29,375] {processor.py:654} INFO - DAG(s) dict_keys(['fhv_gcs_dag']) retrieved from /opt/airflow/dags/fhv_gcs_dag.py
[2022-02-08 16:14:29,387] {logging_mixin.py:109} INFO - [2022-02-08 16:14:29,387] {dag.py:2396} INFO - Sync 1 DAGs
[2022-02-08 16:14:29,473] {logging_mixin.py:109} INFO - [2022-02-08 16:14:29,473] {dag.py:2935} INFO - Setting next_dagrun for fhv_gcs_dag to None
[2022-02-08 16:14:29,493] {processor.py:171} INFO - Processing /opt/airflow/dags/fhv_gcs_dag.py took 0.970 seconds
[2022-02-08 16:14:59,579] {processor.py:163} INFO - Started process (PID=348) to work on /opt/airflow/dags/fhv_gcs_dag.py
[2022-02-08 16:14:59,581] {processor.py:642} INFO - Processing file /opt/airflow/dags/fhv_gcs_dag.py for tasks to queue
[2022-02-08 16:14:59,581] {logging_mixin.py:109} INFO - [2022-02-08 16:14:59,581] {dagbag.py:500} INFO - Filling up the DagBag from /opt/airflow/dags/fhv_gcs_dag.py
[2022-02-08 16:15:00,217] {processor.py:654} INFO - DAG(s) dict_keys(['fhv_gcs_dag']) retrieved from /opt/airflow/dags/fhv_gcs_dag.py
[2022-02-08 16:15:00,278] {logging_mixin.py:109} INFO - [2022-02-08 16:15:00,277] {dag.py:2396} INFO - Sync 1 DAGs
[2022-02-08 16:15:00,293] {logging_mixin.py:109} INFO - [2022-02-08 16:15:00,292] {dag.py:2935} INFO - Setting next_dagrun for fhv_gcs_dag to None
[2022-02-08 16:15:00,305] {processor.py:171} INFO - Processing /opt/airflow/dags/fhv_gcs_dag.py took 0.728 seconds
[2022-02-08 16:15:30,843] {processor.py:163} INFO - Started process (PID=405) to work on /opt/airflow/dags/fhv_gcs_dag.py
[2022-02-08 16:15:30,845] {processor.py:642} INFO - Processing file /opt/airflow/dags/fhv_gcs_dag.py for tasks to queue
[2022-02-08 16:15:30,846] {logging_mixin.py:109} INFO - [2022-02-08 16:15:30,845] {dagbag.py:500} INFO - Filling up the DagBag from /opt/airflow/dags/fhv_gcs_dag.py
[2022-02-08 16:15:31,667] {processor.py:654} INFO - DAG(s) dict_keys(['fhv_gcs_dag']) retrieved from /opt/airflow/dags/fhv_gcs_dag.py
[2022-02-08 16:15:31,740] {logging_mixin.py:109} INFO - [2022-02-08 16:15:31,740] {dag.py:2396} INFO - Sync 1 DAGs
[2022-02-08 16:15:31,759] {logging_mixin.py:109} INFO - [2022-02-08 16:15:31,759] {dag.py:2935} INFO - Setting next_dagrun for fhv_gcs_dag to None
[2022-02-08 16:15:31,770] {processor.py:171} INFO - Processing /opt/airflow/dags/fhv_gcs_dag.py took 0.930 seconds
[2022-02-08 16:16:01,828] {processor.py:163} INFO - Started process (PID=451) to work on /opt/airflow/dags/fhv_gcs_dag.py
[2022-02-08 16:16:01,832] {processor.py:642} INFO - Processing file /opt/airflow/dags/fhv_gcs_dag.py for tasks to queue
[2022-02-08 16:16:01,834] {logging_mixin.py:109} INFO - [2022-02-08 16:16:01,833] {dagbag.py:500} INFO - Filling up the DagBag from /opt/airflow/dags/fhv_gcs_dag.py
[2022-02-08 16:16:02,507] {processor.py:654} INFO - DAG(s) dict_keys(['fhv_gcs_dag']) retrieved from /opt/airflow/dags/fhv_gcs_dag.py
[2022-02-08 16:16:02,568] {logging_mixin.py:109} INFO - [2022-02-08 16:16:02,567] {dag.py:2396} INFO - Sync 1 DAGs
[2022-02-08 16:16:02,582] {logging_mixin.py:109} INFO - [2022-02-08 16:16:02,582] {dag.py:2935} INFO - Setting next_dagrun for fhv_gcs_dag to None
[2022-02-08 16:16:02,591] {processor.py:171} INFO - Processing /opt/airflow/dags/fhv_gcs_dag.py took 0.766 seconds
[2022-02-08 16:16:32,858] {processor.py:163} INFO - Started process (PID=505) to work on /opt/airflow/dags/fhv_gcs_dag.py
[2022-02-08 16:16:32,859] {processor.py:642} INFO - Processing file /opt/airflow/dags/fhv_gcs_dag.py for tasks to queue
[2022-02-08 16:16:32,860] {logging_mixin.py:109} INFO - [2022-02-08 16:16:32,860] {dagbag.py:500} INFO - Filling up the DagBag from /opt/airflow/dags/fhv_gcs_dag.py
[2022-02-08 16:16:33,867] {processor.py:654} INFO - DAG(s) dict_keys(['fhv_gcs_dag']) retrieved from /opt/airflow/dags/fhv_gcs_dag.py
[2022-02-08 16:16:33,878] {logging_mixin.py:109} INFO - [2022-02-08 16:16:33,878] {dag.py:2396} INFO - Sync 1 DAGs
[2022-02-08 16:16:33,895] {logging_mixin.py:109} INFO - [2022-02-08 16:16:33,895] {dag.py:2935} INFO - Setting next_dagrun for fhv_gcs_dag to None
[2022-02-08 16:16:33,908] {processor.py:171} INFO - Processing /opt/airflow/dags/fhv_gcs_dag.py took 1.053 seconds
[2022-02-08 16:17:03,999] {processor.py:163} INFO - Started process (PID=554) to work on /opt/airflow/dags/fhv_gcs_dag.py
[2022-02-08 16:17:04,001] {processor.py:642} INFO - Processing file /opt/airflow/dags/fhv_gcs_dag.py for tasks to queue
[2022-02-08 16:17:04,002] {logging_mixin.py:109} INFO - [2022-02-08 16:17:04,002] {dagbag.py:500} INFO - Filling up the DagBag from /opt/airflow/dags/fhv_gcs_dag.py
[2022-02-08 16:17:04,779] {processor.py:654} INFO - DAG(s) dict_keys(['fhv_gcs_dag']) retrieved from /opt/airflow/dags/fhv_gcs_dag.py
[2022-02-08 16:17:04,788] {logging_mixin.py:109} INFO - [2022-02-08 16:17:04,788] {dag.py:2396} INFO - Sync 1 DAGs
[2022-02-08 16:17:04,802] {logging_mixin.py:109} INFO - [2022-02-08 16:17:04,802] {dag.py:2935} INFO - Setting next_dagrun for fhv_gcs_dag to None
[2022-02-08 16:17:04,812] {processor.py:171} INFO - Processing /opt/airflow/dags/fhv_gcs_dag.py took 0.815 seconds
[2022-02-08 16:17:35,118] {processor.py:163} INFO - Started process (PID=609) to work on /opt/airflow/dags/fhv_gcs_dag.py
[2022-02-08 16:17:35,119] {processor.py:642} INFO - Processing file /opt/airflow/dags/fhv_gcs_dag.py for tasks to queue
[2022-02-08 16:17:35,120] {logging_mixin.py:109} INFO - [2022-02-08 16:17:35,120] {dagbag.py:500} INFO - Filling up the DagBag from /opt/airflow/dags/fhv_gcs_dag.py
[2022-02-08 16:17:36,095] {processor.py:654} INFO - DAG(s) dict_keys(['fhv_gcs_dag']) retrieved from /opt/airflow/dags/fhv_gcs_dag.py
[2022-02-08 16:17:36,112] {logging_mixin.py:109} INFO - [2022-02-08 16:17:36,111] {dag.py:2396} INFO - Sync 1 DAGs
[2022-02-08 16:17:36,146] {logging_mixin.py:109} INFO - [2022-02-08 16:17:36,146] {dag.py:2935} INFO - Setting next_dagrun for fhv_gcs_dag to None
[2022-02-08 16:17:36,161] {processor.py:171} INFO - Processing /opt/airflow/dags/fhv_gcs_dag.py took 1.046 seconds
[2022-02-08 16:18:06,373] {processor.py:163} INFO - Started process (PID=654) to work on /opt/airflow/dags/fhv_gcs_dag.py
[2022-02-08 16:18:06,387] {processor.py:642} INFO - Processing file /opt/airflow/dags/fhv_gcs_dag.py for tasks to queue
[2022-02-08 16:18:06,388] {logging_mixin.py:109} INFO - [2022-02-08 16:18:06,388] {dagbag.py:500} INFO - Filling up the DagBag from /opt/airflow/dags/fhv_gcs_dag.py
[2022-02-08 16:18:07,809] {processor.py:654} INFO - DAG(s) dict_keys(['fhv_gcs_dag']) retrieved from /opt/airflow/dags/fhv_gcs_dag.py
[2022-02-08 16:18:07,821] {logging_mixin.py:109} INFO - [2022-02-08 16:18:07,821] {dag.py:2396} INFO - Sync 1 DAGs
[2022-02-08 16:18:07,841] {logging_mixin.py:109} INFO - [2022-02-08 16:18:07,841] {dag.py:2935} INFO - Setting next_dagrun for fhv_gcs_dag to None
[2022-02-08 16:18:07,853] {processor.py:171} INFO - Processing /opt/airflow/dags/fhv_gcs_dag.py took 1.486 seconds
[2022-02-08 16:18:38,790] {processor.py:163} INFO - Started process (PID=704) to work on /opt/airflow/dags/fhv_gcs_dag.py
[2022-02-08 16:18:38,797] {processor.py:642} INFO - Processing file /opt/airflow/dags/fhv_gcs_dag.py for tasks to queue
[2022-02-08 16:18:38,798] {logging_mixin.py:109} INFO - [2022-02-08 16:18:38,798] {dagbag.py:500} INFO - Filling up the DagBag from /opt/airflow/dags/fhv_gcs_dag.py
[2022-02-08 16:18:39,748] {processor.py:654} INFO - DAG(s) dict_keys(['fhv_gcs_dag']) retrieved from /opt/airflow/dags/fhv_gcs_dag.py
[2022-02-08 16:18:39,761] {logging_mixin.py:109} INFO - [2022-02-08 16:18:39,761] {dag.py:2396} INFO - Sync 1 DAGs
[2022-02-08 16:18:39,781] {logging_mixin.py:109} INFO - [2022-02-08 16:18:39,781] {dag.py:2935} INFO - Setting next_dagrun for fhv_gcs_dag to None
[2022-02-08 16:18:39,794] {processor.py:171} INFO - Processing /opt/airflow/dags/fhv_gcs_dag.py took 1.007 seconds
[2022-02-08 16:19:09,892] {processor.py:163} INFO - Started process (PID=760) to work on /opt/airflow/dags/fhv_gcs_dag.py
[2022-02-08 16:19:09,893] {processor.py:642} INFO - Processing file /opt/airflow/dags/fhv_gcs_dag.py for tasks to queue
[2022-02-08 16:19:09,893] {logging_mixin.py:109} INFO - [2022-02-08 16:19:09,893] {dagbag.py:500} INFO - Filling up the DagBag from /opt/airflow/dags/fhv_gcs_dag.py
[2022-02-08 16:19:10,547] {processor.py:654} INFO - DAG(s) dict_keys(['fhv_gcs_dag']) retrieved from /opt/airflow/dags/fhv_gcs_dag.py
[2022-02-08 16:19:10,556] {logging_mixin.py:109} INFO - [2022-02-08 16:19:10,556] {dag.py:2396} INFO - Sync 1 DAGs
[2022-02-08 16:19:10,571] {logging_mixin.py:109} INFO - [2022-02-08 16:19:10,571] {dag.py:2935} INFO - Setting next_dagrun for fhv_gcs_dag to None
[2022-02-08 16:19:10,581] {processor.py:171} INFO - Processing /opt/airflow/dags/fhv_gcs_dag.py took 0.692 seconds
[2022-02-08 16:19:40,904] {processor.py:163} INFO - Started process (PID=807) to work on /opt/airflow/dags/fhv_gcs_dag.py
[2022-02-08 16:19:40,908] {processor.py:642} INFO - Processing file /opt/airflow/dags/fhv_gcs_dag.py for tasks to queue
[2022-02-08 16:19:40,909] {logging_mixin.py:109} INFO - [2022-02-08 16:19:40,909] {dagbag.py:500} INFO - Filling up the DagBag from /opt/airflow/dags/fhv_gcs_dag.py
[2022-02-08 16:19:41,657] {processor.py:654} INFO - DAG(s) dict_keys(['fhv_gcs_dag']) retrieved from /opt/airflow/dags/fhv_gcs_dag.py
[2022-02-08 16:19:41,665] {logging_mixin.py:109} INFO - [2022-02-08 16:19:41,665] {dag.py:2396} INFO - Sync 1 DAGs
[2022-02-08 16:19:41,680] {logging_mixin.py:109} INFO - [2022-02-08 16:19:41,680] {dag.py:2935} INFO - Setting next_dagrun for fhv_gcs_dag to None
[2022-02-08 16:19:41,692] {processor.py:171} INFO - Processing /opt/airflow/dags/fhv_gcs_dag.py took 0.790 seconds
[2022-02-08 16:20:12,075] {processor.py:163} INFO - Started process (PID=862) to work on /opt/airflow/dags/fhv_gcs_dag.py
[2022-02-08 16:20:12,076] {processor.py:642} INFO - Processing file /opt/airflow/dags/fhv_gcs_dag.py for tasks to queue
[2022-02-08 16:20:12,077] {logging_mixin.py:109} INFO - [2022-02-08 16:20:12,077] {dagbag.py:500} INFO - Filling up the DagBag from /opt/airflow/dags/fhv_gcs_dag.py
[2022-02-08 16:20:12,742] {processor.py:654} INFO - DAG(s) dict_keys(['fhv_gcs_dag']) retrieved from /opt/airflow/dags/fhv_gcs_dag.py
[2022-02-08 16:20:12,752] {logging_mixin.py:109} INFO - [2022-02-08 16:20:12,751] {dag.py:2396} INFO - Sync 1 DAGs
[2022-02-08 16:20:12,772] {logging_mixin.py:109} INFO - [2022-02-08 16:20:12,771] {dag.py:2935} INFO - Setting next_dagrun for fhv_gcs_dag to None
[2022-02-08 16:20:12,785] {processor.py:171} INFO - Processing /opt/airflow/dags/fhv_gcs_dag.py took 0.712 seconds
[2022-02-08 16:20:42,922] {processor.py:163} INFO - Started process (PID=907) to work on /opt/airflow/dags/fhv_gcs_dag.py
[2022-02-08 16:20:42,927] {processor.py:642} INFO - Processing file /opt/airflow/dags/fhv_gcs_dag.py for tasks to queue
[2022-02-08 16:20:42,928] {logging_mixin.py:109} INFO - [2022-02-08 16:20:42,928] {dagbag.py:500} INFO - Filling up the DagBag from /opt/airflow/dags/fhv_gcs_dag.py
[2022-02-08 16:20:44,070] {processor.py:654} INFO - DAG(s) dict_keys(['fhv_gcs_dag']) retrieved from /opt/airflow/dags/fhv_gcs_dag.py
[2022-02-08 16:20:44,081] {logging_mixin.py:109} INFO - [2022-02-08 16:20:44,081] {dag.py:2396} INFO - Sync 1 DAGs
[2022-02-08 16:20:44,101] {logging_mixin.py:109} INFO - [2022-02-08 16:20:44,101] {dag.py:2935} INFO - Setting next_dagrun for fhv_gcs_dag to None
[2022-02-08 16:20:44,119] {processor.py:171} INFO - Processing /opt/airflow/dags/fhv_gcs_dag.py took 1.203 seconds
[2022-02-08 16:21:14,265] {processor.py:163} INFO - Started process (PID=954) to work on /opt/airflow/dags/fhv_gcs_dag.py
[2022-02-08 16:21:14,269] {processor.py:642} INFO - Processing file /opt/airflow/dags/fhv_gcs_dag.py for tasks to queue
[2022-02-08 16:21:14,271] {logging_mixin.py:109} INFO - [2022-02-08 16:21:14,271] {dagbag.py:500} INFO - Filling up the DagBag from /opt/airflow/dags/fhv_gcs_dag.py
[2022-02-08 16:21:15,013] {processor.py:654} INFO - DAG(s) dict_keys(['fhv_gcs_dag']) retrieved from /opt/airflow/dags/fhv_gcs_dag.py
[2022-02-08 16:21:15,022] {logging_mixin.py:109} INFO - [2022-02-08 16:21:15,021] {dag.py:2396} INFO - Sync 1 DAGs
[2022-02-08 16:21:15,036] {logging_mixin.py:109} INFO - [2022-02-08 16:21:15,036] {dag.py:2935} INFO - Setting next_dagrun for fhv_gcs_dag to None
[2022-02-08 16:21:15,055] {processor.py:171} INFO - Processing /opt/airflow/dags/fhv_gcs_dag.py took 0.793 seconds
[2022-02-08 16:21:46,101] {processor.py:163} INFO - Started process (PID=1013) to work on /opt/airflow/dags/fhv_gcs_dag.py
[2022-02-08 16:21:46,104] {processor.py:642} INFO - Processing file /opt/airflow/dags/fhv_gcs_dag.py for tasks to queue
[2022-02-08 16:21:46,104] {logging_mixin.py:109} INFO - [2022-02-08 16:21:46,104] {dagbag.py:500} INFO - Filling up the DagBag from /opt/airflow/dags/fhv_gcs_dag.py
[2022-02-08 16:21:47,733] {processor.py:654} INFO - DAG(s) dict_keys(['fhv_gcs_dag']) retrieved from /opt/airflow/dags/fhv_gcs_dag.py
[2022-02-08 16:21:47,753] {logging_mixin.py:109} INFO - [2022-02-08 16:21:47,753] {dag.py:2396} INFO - Sync 1 DAGs
[2022-02-08 16:21:47,782] {logging_mixin.py:109} INFO - [2022-02-08 16:21:47,781] {dag.py:2935} INFO - Setting next_dagrun for fhv_gcs_dag to None
[2022-02-08 16:21:47,797] {processor.py:171} INFO - Processing /opt/airflow/dags/fhv_gcs_dag.py took 1.700 seconds
[2022-02-08 16:22:18,383] {processor.py:163} INFO - Started process (PID=1061) to work on /opt/airflow/dags/fhv_gcs_dag.py
[2022-02-08 16:22:18,390] {processor.py:642} INFO - Processing file /opt/airflow/dags/fhv_gcs_dag.py for tasks to queue
[2022-02-08 16:22:18,391] {logging_mixin.py:109} INFO - [2022-02-08 16:22:18,391] {dagbag.py:500} INFO - Filling up the DagBag from /opt/airflow/dags/fhv_gcs_dag.py
[2022-02-08 16:22:19,540] {processor.py:654} INFO - DAG(s) dict_keys(['fhv_gcs_dag']) retrieved from /opt/airflow/dags/fhv_gcs_dag.py
[2022-02-08 16:22:19,554] {logging_mixin.py:109} INFO - [2022-02-08 16:22:19,554] {dag.py:2396} INFO - Sync 1 DAGs
[2022-02-08 16:22:19,577] {logging_mixin.py:109} INFO - [2022-02-08 16:22:19,577] {dag.py:2935} INFO - Setting next_dagrun for fhv_gcs_dag to None
[2022-02-08 16:22:19,603] {processor.py:171} INFO - Processing /opt/airflow/dags/fhv_gcs_dag.py took 1.224 seconds
[2022-02-08 16:22:50,518] {processor.py:163} INFO - Started process (PID=1115) to work on /opt/airflow/dags/fhv_gcs_dag.py
[2022-02-08 16:22:50,523] {processor.py:642} INFO - Processing file /opt/airflow/dags/fhv_gcs_dag.py for tasks to queue
[2022-02-08 16:22:50,524] {logging_mixin.py:109} INFO - [2022-02-08 16:22:50,524] {dagbag.py:500} INFO - Filling up the DagBag from /opt/airflow/dags/fhv_gcs_dag.py
[2022-02-08 16:22:51,453] {processor.py:654} INFO - DAG(s) dict_keys(['fhv_gcs_dag']) retrieved from /opt/airflow/dags/fhv_gcs_dag.py
[2022-02-08 16:22:51,465] {logging_mixin.py:109} INFO - [2022-02-08 16:22:51,464] {dag.py:2396} INFO - Sync 1 DAGs
[2022-02-08 16:22:51,481] {logging_mixin.py:109} INFO - [2022-02-08 16:22:51,481] {dag.py:2935} INFO - Setting next_dagrun for fhv_gcs_dag to None
[2022-02-08 16:22:51,492] {processor.py:171} INFO - Processing /opt/airflow/dags/fhv_gcs_dag.py took 0.981 seconds
[2022-02-08 16:23:21,899] {processor.py:163} INFO - Started process (PID=1163) to work on /opt/airflow/dags/fhv_gcs_dag.py
[2022-02-08 16:23:21,904] {processor.py:642} INFO - Processing file /opt/airflow/dags/fhv_gcs_dag.py for tasks to queue
[2022-02-08 16:23:21,904] {logging_mixin.py:109} INFO - [2022-02-08 16:23:21,904] {dagbag.py:500} INFO - Filling up the DagBag from /opt/airflow/dags/fhv_gcs_dag.py
[2022-02-08 16:23:22,638] {processor.py:654} INFO - DAG(s) dict_keys(['fhv_gcs_dag']) retrieved from /opt/airflow/dags/fhv_gcs_dag.py
[2022-02-08 16:23:22,647] {logging_mixin.py:109} INFO - [2022-02-08 16:23:22,647] {dag.py:2396} INFO - Sync 1 DAGs
[2022-02-08 16:23:22,662] {logging_mixin.py:109} INFO - [2022-02-08 16:23:22,662] {dag.py:2935} INFO - Setting next_dagrun for fhv_gcs_dag to None
[2022-02-08 16:23:22,673] {processor.py:171} INFO - Processing /opt/airflow/dags/fhv_gcs_dag.py took 0.778 seconds
