[2022-07-22 15:01:17,119] {taskinstance.py:1032} INFO - Dependencies all met for <TaskInstance: data_ingestion_dag.download_dataset_task manual__2022-07-22T15:01:14.924217+00:00 [queued]>
[2022-07-22 15:01:17,140] {taskinstance.py:1032} INFO - Dependencies all met for <TaskInstance: data_ingestion_dag.download_dataset_task manual__2022-07-22T15:01:14.924217+00:00 [queued]>
[2022-07-22 15:01:17,140] {taskinstance.py:1238} INFO - 
--------------------------------------------------------------------------------
[2022-07-22 15:01:17,140] {taskinstance.py:1239} INFO - Starting attempt 1 of 1
[2022-07-22 15:01:17,140] {taskinstance.py:1240} INFO - 
--------------------------------------------------------------------------------
[2022-07-22 15:01:17,161] {taskinstance.py:1259} INFO - Executing <Task(PythonOperator): download_dataset_task> on 2022-07-22 15:01:14.924217+00:00
[2022-07-22 15:01:17,171] {standard_task_runner.py:52} INFO - Started process 5835 to run task
[2022-07-22 15:01:17,178] {standard_task_runner.py:76} INFO - Running: ['***', 'tasks', 'run', 'data_ingestion_dag', 'download_dataset_task', 'manual__2022-07-22T15:01:14.924217+00:00', '--job-id', '8', '--raw', '--subdir', 'DAGS_FOLDER/data_ingestion_dag.py', '--cfg-path', '/tmp/tmp3snqdczg', '--error-file', '/tmp/tmpg0hepi1w']
[2022-07-22 15:01:17,179] {standard_task_runner.py:77} INFO - Job 8: Subtask download_dataset_task
[2022-07-22 15:01:17,310] {logging_mixin.py:109} INFO - Running <TaskInstance: data_ingestion_dag.download_dataset_task manual__2022-07-22T15:01:14.924217+00:00 [running]> on host b53e6dc6abdf
[2022-07-22 15:01:17,418] {taskinstance.py:1426} INFO - Exporting the following env vars:
AIRFLOW_CTX_DAG_OWNER=***
AIRFLOW_CTX_DAG_ID=data_ingestion_dag
AIRFLOW_CTX_TASK_ID=download_dataset_task
AIRFLOW_CTX_EXECUTION_DATE=2022-07-22T15:01:14.924217+00:00
AIRFLOW_CTX_DAG_RUN_ID=manual__2022-07-22T15:01:14.924217+00:00
[2022-07-22 15:01:19,252] {python.py:175} INFO - Done. Returned value was: None
[2022-07-22 15:01:19,288] {taskinstance.py:1277} INFO - Marking task as SUCCESS. dag_id=data_ingestion_dag, task_id=download_dataset_task, execution_date=20220722T150114, start_date=20220722T150117, end_date=20220722T150119
[2022-07-22 15:01:19,356] {local_task_job.py:154} INFO - Task exited with return code 0
[2022-07-22 15:01:19,434] {local_task_job.py:264} INFO - 1 downstream tasks scheduled from follow-on schedule check
