[2022-07-22 15:08:52,396] {taskinstance.py:1032} INFO - Dependencies all met for <TaskInstance: data_ingestion_dag.download_dataset_task manual__2022-07-22T15:01:14.924217+00:00 [queued]>
[2022-07-22 15:08:52,413] {taskinstance.py:1032} INFO - Dependencies all met for <TaskInstance: data_ingestion_dag.download_dataset_task manual__2022-07-22T15:01:14.924217+00:00 [queued]>
[2022-07-22 15:08:52,413] {taskinstance.py:1238} INFO - 
--------------------------------------------------------------------------------
[2022-07-22 15:08:52,413] {taskinstance.py:1239} INFO - Starting attempt 3 of 3
[2022-07-22 15:08:52,413] {taskinstance.py:1240} INFO - 
--------------------------------------------------------------------------------
[2022-07-22 15:08:52,434] {taskinstance.py:1259} INFO - Executing <Task(PythonOperator): download_dataset_task> on 2022-07-22 15:01:14.924217+00:00
[2022-07-22 15:08:52,439] {standard_task_runner.py:52} INFO - Started process 6450 to run task
[2022-07-22 15:08:52,448] {standard_task_runner.py:76} INFO - Running: ['***', 'tasks', 'run', 'data_ingestion_dag', 'download_dataset_task', 'manual__2022-07-22T15:01:14.924217+00:00', '--job-id', '12', '--raw', '--subdir', 'DAGS_FOLDER/data_ingestion_dag.py', '--cfg-path', '/tmp/tmpjktsm7cv', '--error-file', '/tmp/tmp06w8dssr']
[2022-07-22 15:08:52,449] {standard_task_runner.py:77} INFO - Job 12: Subtask download_dataset_task
[2022-07-22 15:08:52,556] {logging_mixin.py:109} INFO - Running <TaskInstance: data_ingestion_dag.download_dataset_task manual__2022-07-22T15:01:14.924217+00:00 [running]> on host b53e6dc6abdf
[2022-07-22 15:08:52,657] {taskinstance.py:1426} INFO - Exporting the following env vars:
AIRFLOW_CTX_DAG_OWNER=***
AIRFLOW_CTX_DAG_ID=data_ingestion_dag
AIRFLOW_CTX_TASK_ID=download_dataset_task
AIRFLOW_CTX_EXECUTION_DATE=2022-07-22T15:01:14.924217+00:00
AIRFLOW_CTX_DAG_RUN_ID=manual__2022-07-22T15:01:14.924217+00:00
[2022-07-22 15:08:52,659] {data_ingestion_dag.py:20} INFO - /opt/***
[2022-07-22 15:08:53,437] {python.py:175} INFO - Done. Returned value was: None
[2022-07-22 15:08:53,455] {taskinstance.py:1277} INFO - Marking task as SUCCESS. dag_id=data_ingestion_dag, task_id=download_dataset_task, execution_date=20220722T150114, start_date=20220722T150852, end_date=20220722T150853
[2022-07-22 15:08:53,502] {local_task_job.py:154} INFO - Task exited with return code 0
[2022-07-22 15:08:53,552] {local_task_job.py:264} INFO - 1 downstream tasks scheduled from follow-on schedule check
