[2022-07-22 15:12:16,957] {taskinstance.py:1032} INFO - Dependencies all met for <TaskInstance: data_ingestion_dag.download_dataset_task manual__2022-07-22T15:01:14.924217+00:00 [queued]>
[2022-07-22 15:12:16,970] {taskinstance.py:1032} INFO - Dependencies all met for <TaskInstance: data_ingestion_dag.download_dataset_task manual__2022-07-22T15:01:14.924217+00:00 [queued]>
[2022-07-22 15:12:16,971] {taskinstance.py:1238} INFO - 
--------------------------------------------------------------------------------
[2022-07-22 15:12:16,971] {taskinstance.py:1239} INFO - Starting attempt 5 of 5
[2022-07-22 15:12:16,971] {taskinstance.py:1240} INFO - 
--------------------------------------------------------------------------------
[2022-07-22 15:12:16,986] {taskinstance.py:1259} INFO - Executing <Task(PythonOperator): download_dataset_task> on 2022-07-22 15:01:14.924217+00:00
[2022-07-22 15:12:16,991] {standard_task_runner.py:52} INFO - Started process 6755 to run task
[2022-07-22 15:12:16,997] {standard_task_runner.py:76} INFO - Running: ['***', 'tasks', 'run', 'data_ingestion_dag', 'download_dataset_task', 'manual__2022-07-22T15:01:14.924217+00:00', '--job-id', '16', '--raw', '--subdir', 'DAGS_FOLDER/data_ingestion_dag.py', '--cfg-path', '/tmp/tmpy_qc81dq', '--error-file', '/tmp/tmpwwq_x352']
[2022-07-22 15:12:16,998] {standard_task_runner.py:77} INFO - Job 16: Subtask download_dataset_task
[2022-07-22 15:12:17,064] {logging_mixin.py:109} INFO - Running <TaskInstance: data_ingestion_dag.download_dataset_task manual__2022-07-22T15:01:14.924217+00:00 [running]> on host b53e6dc6abdf
[2022-07-22 15:12:17,135] {taskinstance.py:1426} INFO - Exporting the following env vars:
AIRFLOW_CTX_DAG_OWNER=***
AIRFLOW_CTX_DAG_ID=data_ingestion_dag
AIRFLOW_CTX_TASK_ID=download_dataset_task
AIRFLOW_CTX_EXECUTION_DATE=2022-07-22T15:01:14.924217+00:00
AIRFLOW_CTX_DAG_RUN_ID=manual__2022-07-22T15:01:14.924217+00:00
[2022-07-22 15:12:17,136] {data_ingestion_dag.py:20} INFO - /opt/***
[2022-07-22 15:12:17,136] {data_ingestion_dag.py:24} INFO - /opt/***/dataset1.csv
[2022-07-22 15:12:17,217] {data_ingestion_dag.py:26} INFO -              name       price
0   William Dixon  109.037280
1    Kristen Horn  262.524652
2  Kimberly Chang  187.007258
3       Mary Ball  283.174648
4  Benjamin Craig  143.871582
[2022-07-22 15:12:17,238] {data_ingestion_dag.py:24} INFO - /opt/***/dataset2.csv
[2022-07-22 15:12:17,318] {data_ingestion_dag.py:26} INFO -                  name        price
0      William Garcia  258.1809089
1     Barbara Freeman   141.890534
2   Rebecca Zimmerman   293.373272
3  Patricia Velasquez  249.9479246
4        Ronnie Clark   272.908659
[2022-07-22 15:12:17,331] {python.py:175} INFO - Done. Returned value was: None
[2022-07-22 15:12:17,347] {taskinstance.py:1277} INFO - Marking task as SUCCESS. dag_id=data_ingestion_dag, task_id=download_dataset_task, execution_date=20220722T150114, start_date=20220722T151216, end_date=20220722T151217
[2022-07-22 15:12:17,371] {local_task_job.py:154} INFO - Task exited with return code 0
[2022-07-22 15:12:17,413] {local_task_job.py:264} INFO - 1 downstream tasks scheduled from follow-on schedule check
