[2022-07-23 03:35:23,326] {taskinstance.py:1032} INFO - Dependencies all met for <TaskInstance: data_ingestion_dag.download_dataset_task scheduled__2022-07-22T01:00:00+00:00 [queued]>
[2022-07-23 03:35:23,777] {taskinstance.py:1032} INFO - Dependencies all met for <TaskInstance: data_ingestion_dag.download_dataset_task scheduled__2022-07-22T01:00:00+00:00 [queued]>
[2022-07-23 03:35:23,777] {taskinstance.py:1238} INFO - 
--------------------------------------------------------------------------------
[2022-07-23 03:35:23,777] {taskinstance.py:1239} INFO - Starting attempt 1 of 1
[2022-07-23 03:35:23,778] {taskinstance.py:1240} INFO - 
--------------------------------------------------------------------------------
[2022-07-23 03:35:24,260] {taskinstance.py:1259} INFO - Executing <Task(PythonOperator): download_dataset_task> on 2022-07-22 01:00:00+00:00
[2022-07-23 03:35:24,386] {standard_task_runner.py:52} INFO - Started process 17466 to run task
[2022-07-23 03:35:24,438] {standard_task_runner.py:76} INFO - Running: ['***', 'tasks', 'run', 'data_ingestion_dag', 'download_dataset_task', 'scheduled__2022-07-22T01:00:00+00:00', '--job-id', '25', '--raw', '--subdir', 'DAGS_FOLDER/data_ingestion_dag.py', '--cfg-path', '/tmp/tmp22ay0ozg', '--error-file', '/tmp/tmplclk0gpo']
[2022-07-23 03:35:24,569] {standard_task_runner.py:77} INFO - Job 25: Subtask download_dataset_task
[2022-07-23 03:35:26,698] {logging_mixin.py:109} INFO - Running <TaskInstance: data_ingestion_dag.download_dataset_task scheduled__2022-07-22T01:00:00+00:00 [running]> on host b53e6dc6abdf
[2022-07-23 03:35:28,679] {taskinstance.py:1426} INFO - Exporting the following env vars:
AIRFLOW_CTX_DAG_OWNER=***
AIRFLOW_CTX_DAG_ID=data_ingestion_dag
AIRFLOW_CTX_TASK_ID=download_dataset_task
AIRFLOW_CTX_EXECUTION_DATE=2022-07-22T01:00:00+00:00
AIRFLOW_CTX_DAG_RUN_ID=scheduled__2022-07-22T01:00:00+00:00
[2022-07-23 03:35:28,682] {data_ingestion_dag.py:22} INFO - /opt/***
[2022-07-23 03:35:28,694] {data_ingestion_dag.py:26} INFO - /opt/***/dataset1.csv
[2022-07-23 03:35:29,546] {data_ingestion_dag.py:28} INFO -              name       price
0   William Dixon  109.037280
1    Kristen Horn  262.524652
2  Kimberly Chang  187.007258
3       Mary Ball  283.174648
4  Benjamin Craig  143.871582
[2022-07-23 03:35:30,493] {data_ingestion_dag.py:26} INFO - /opt/***/dataset2.csv
[2022-07-23 03:35:31,156] {data_ingestion_dag.py:28} INFO -                  name        price
0      William Garcia  258.1809089
1     Barbara Freeman   141.890534
2   Rebecca Zimmerman   293.373272
3  Patricia Velasquez  249.9479246
4        Ronnie Clark   272.908659
[2022-07-23 03:35:31,663] {python.py:175} INFO - Done. Returned value was: None
[2022-07-23 03:35:32,045] {taskinstance.py:1277} INFO - Marking task as SUCCESS. dag_id=data_ingestion_dag, task_id=download_dataset_task, execution_date=20220722T010000, start_date=20220723T033523, end_date=20220723T033532
[2022-07-23 03:35:33,353] {local_task_job.py:154} INFO - Task exited with return code 0
[2022-07-23 03:35:33,839] {local_task_job.py:264} INFO - 1 downstream tasks scheduled from follow-on schedule check
