[2022-07-22 13:27:55,030] {processor.py:163} INFO - Started process (PID=173) to work on /opt/airflow/dags/taxi_zone_gcs_dag.py
[2022-07-22 13:27:55,034] {processor.py:642} INFO - Processing file /opt/airflow/dags/taxi_zone_gcs_dag.py for tasks to queue
[2022-07-22 13:27:55,036] {logging_mixin.py:109} INFO - [2022-07-22 13:27:55,035] {dagbag.py:500} INFO - Filling up the DagBag from /opt/airflow/dags/taxi_zone_gcs_dag.py
[2022-07-22 13:28:07,206] {processor.py:654} INFO - DAG(s) dict_keys(['taxi_zone_dag']) retrieved from /opt/airflow/dags/taxi_zone_gcs_dag.py
[2022-07-22 13:28:23,306] {logging_mixin.py:109} INFO - [2022-07-22 13:28:23,306] {manager.py:496} INFO - Created Permission View: can read on DAG:taxi_zone_dag
[2022-07-22 13:28:23,512] {logging_mixin.py:109} INFO - [2022-07-22 13:28:23,511] {manager.py:496} INFO - Created Permission View: can edit on DAG:taxi_zone_dag
[2022-07-22 13:28:23,513] {logging_mixin.py:109} INFO - [2022-07-22 13:28:23,513] {dag.py:2396} INFO - Sync 1 DAGs
[2022-07-22 13:28:23,609] {logging_mixin.py:109} INFO - [2022-07-22 13:28:23,608] {dag.py:2415} INFO - Creating ORM DAG for taxi_zone_dag
[2022-07-22 13:28:23,705] {logging_mixin.py:109} INFO - [2022-07-22 13:28:23,705] {dag.py:2935} INFO - Setting next_dagrun for taxi_zone_dag to 2022-02-01T00:00:00+00:00
[2022-07-22 13:28:23,927] {processor.py:171} INFO - Processing /opt/airflow/dags/taxi_zone_gcs_dag.py took 28.902 seconds
[2022-07-22 13:28:54,382] {processor.py:163} INFO - Started process (PID=235) to work on /opt/airflow/dags/taxi_zone_gcs_dag.py
[2022-07-22 13:28:54,400] {processor.py:642} INFO - Processing file /opt/airflow/dags/taxi_zone_gcs_dag.py for tasks to queue
[2022-07-22 13:28:54,401] {logging_mixin.py:109} INFO - [2022-07-22 13:28:54,401] {dagbag.py:500} INFO - Filling up the DagBag from /opt/airflow/dags/taxi_zone_gcs_dag.py
[2022-07-22 13:28:57,164] {processor.py:654} INFO - DAG(s) dict_keys(['taxi_zone_dag']) retrieved from /opt/airflow/dags/taxi_zone_gcs_dag.py
[2022-07-22 13:28:57,381] {logging_mixin.py:109} INFO - [2022-07-22 13:28:57,381] {dag.py:2396} INFO - Sync 1 DAGs
[2022-07-22 13:28:57,446] {logging_mixin.py:109} INFO - [2022-07-22 13:28:57,445] {dag.py:2935} INFO - Setting next_dagrun for taxi_zone_dag to 2022-02-01T00:00:00+00:00
[2022-07-22 13:28:57,495] {processor.py:171} INFO - Processing /opt/airflow/dags/taxi_zone_gcs_dag.py took 3.127 seconds
[2022-07-22 13:29:27,986] {processor.py:163} INFO - Started process (PID=293) to work on /opt/airflow/dags/taxi_zone_gcs_dag.py
[2022-07-22 13:29:27,994] {processor.py:642} INFO - Processing file /opt/airflow/dags/taxi_zone_gcs_dag.py for tasks to queue
[2022-07-22 13:29:27,995] {logging_mixin.py:109} INFO - [2022-07-22 13:29:27,995] {dagbag.py:500} INFO - Filling up the DagBag from /opt/airflow/dags/taxi_zone_gcs_dag.py
[2022-07-22 13:29:29,302] {processor.py:654} INFO - DAG(s) dict_keys(['taxi_zone_dag']) retrieved from /opt/airflow/dags/taxi_zone_gcs_dag.py
[2022-07-22 13:29:29,413] {logging_mixin.py:109} INFO - [2022-07-22 13:29:29,412] {dag.py:2396} INFO - Sync 1 DAGs
[2022-07-22 13:29:29,437] {logging_mixin.py:109} INFO - [2022-07-22 13:29:29,437] {dag.py:2935} INFO - Setting next_dagrun for taxi_zone_dag to 2022-02-01T00:00:00+00:00
[2022-07-22 13:29:29,456] {processor.py:171} INFO - Processing /opt/airflow/dags/taxi_zone_gcs_dag.py took 1.476 seconds
[2022-07-22 13:29:59,632] {processor.py:163} INFO - Started process (PID=341) to work on /opt/airflow/dags/taxi_zone_gcs_dag.py
[2022-07-22 13:29:59,633] {processor.py:642} INFO - Processing file /opt/airflow/dags/taxi_zone_gcs_dag.py for tasks to queue
[2022-07-22 13:29:59,634] {logging_mixin.py:109} INFO - [2022-07-22 13:29:59,634] {dagbag.py:500} INFO - Filling up the DagBag from /opt/airflow/dags/taxi_zone_gcs_dag.py
[2022-07-22 13:30:00,758] {processor.py:654} INFO - DAG(s) dict_keys(['taxi_zone_dag']) retrieved from /opt/airflow/dags/taxi_zone_gcs_dag.py
[2022-07-22 13:30:00,863] {logging_mixin.py:109} INFO - [2022-07-22 13:30:00,863] {dag.py:2396} INFO - Sync 1 DAGs
[2022-07-22 13:30:00,886] {logging_mixin.py:109} INFO - [2022-07-22 13:30:00,886] {dag.py:2935} INFO - Setting next_dagrun for taxi_zone_dag to 2022-02-01T00:00:00+00:00
[2022-07-22 13:30:00,901] {processor.py:171} INFO - Processing /opt/airflow/dags/taxi_zone_gcs_dag.py took 1.273 seconds
[2022-07-22 13:40:21,910] {processor.py:163} INFO - Started process (PID=174) to work on /opt/airflow/dags/taxi_zone_gcs_dag.py
[2022-07-22 13:40:21,916] {processor.py:642} INFO - Processing file /opt/airflow/dags/taxi_zone_gcs_dag.py for tasks to queue
[2022-07-22 13:40:21,919] {logging_mixin.py:109} INFO - [2022-07-22 13:40:21,919] {dagbag.py:500} INFO - Filling up the DagBag from /opt/airflow/dags/taxi_zone_gcs_dag.py
[2022-07-22 13:40:25,735] {processor.py:654} INFO - DAG(s) dict_keys(['taxi_zone_dag']) retrieved from /opt/airflow/dags/taxi_zone_gcs_dag.py
[2022-07-22 13:40:31,492] {logging_mixin.py:109} INFO - [2022-07-22 13:40:31,492] {manager.py:496} INFO - Created Permission View: can read on DAG:taxi_zone_dag
[2022-07-22 13:40:31,516] {logging_mixin.py:109} INFO - [2022-07-22 13:40:31,516] {manager.py:496} INFO - Created Permission View: can edit on DAG:taxi_zone_dag
[2022-07-22 13:40:31,517] {logging_mixin.py:109} INFO - [2022-07-22 13:40:31,516] {dag.py:2396} INFO - Sync 1 DAGs
[2022-07-22 13:40:31,532] {logging_mixin.py:109} INFO - [2022-07-22 13:40:31,531] {dag.py:2415} INFO - Creating ORM DAG for taxi_zone_dag
[2022-07-22 13:40:31,549] {logging_mixin.py:109} INFO - [2022-07-22 13:40:31,548] {dag.py:2935} INFO - Setting next_dagrun for taxi_zone_dag to 2022-02-01T00:00:00+00:00
[2022-07-22 13:40:31,590] {processor.py:171} INFO - Processing /opt/airflow/dags/taxi_zone_gcs_dag.py took 9.687 seconds
[2022-07-22 13:41:01,777] {processor.py:163} INFO - Started process (PID=225) to work on /opt/airflow/dags/taxi_zone_gcs_dag.py
[2022-07-22 13:41:01,779] {processor.py:642} INFO - Processing file /opt/airflow/dags/taxi_zone_gcs_dag.py for tasks to queue
[2022-07-22 13:41:01,781] {logging_mixin.py:109} INFO - [2022-07-22 13:41:01,780] {dagbag.py:500} INFO - Filling up the DagBag from /opt/airflow/dags/taxi_zone_gcs_dag.py
[2022-07-22 13:41:03,131] {processor.py:654} INFO - DAG(s) dict_keys(['taxi_zone_dag']) retrieved from /opt/airflow/dags/taxi_zone_gcs_dag.py
[2022-07-22 13:41:03,175] {logging_mixin.py:109} INFO - [2022-07-22 13:41:03,174] {dag.py:2396} INFO - Sync 1 DAGs
[2022-07-22 13:41:03,434] {logging_mixin.py:109} INFO - [2022-07-22 13:41:03,434] {dag.py:2935} INFO - Setting next_dagrun for taxi_zone_dag to 2022-02-01T00:00:00+00:00
[2022-07-22 13:41:03,471] {processor.py:171} INFO - Processing /opt/airflow/dags/taxi_zone_gcs_dag.py took 1.699 seconds
[2022-07-22 13:41:33,558] {processor.py:163} INFO - Started process (PID=279) to work on /opt/airflow/dags/taxi_zone_gcs_dag.py
[2022-07-22 13:41:33,560] {processor.py:642} INFO - Processing file /opt/airflow/dags/taxi_zone_gcs_dag.py for tasks to queue
[2022-07-22 13:41:33,561] {logging_mixin.py:109} INFO - [2022-07-22 13:41:33,561] {dagbag.py:500} INFO - Filling up the DagBag from /opt/airflow/dags/taxi_zone_gcs_dag.py
[2022-07-22 13:41:35,179] {processor.py:654} INFO - DAG(s) dict_keys(['taxi_zone_dag']) retrieved from /opt/airflow/dags/taxi_zone_gcs_dag.py
[2022-07-22 13:41:35,670] {logging_mixin.py:109} INFO - [2022-07-22 13:41:35,669] {dag.py:2396} INFO - Sync 1 DAGs
[2022-07-22 13:41:35,761] {logging_mixin.py:109} INFO - [2022-07-22 13:41:35,761] {dag.py:2935} INFO - Setting next_dagrun for taxi_zone_dag to 2022-02-01T00:00:00+00:00
[2022-07-22 13:41:35,779] {processor.py:171} INFO - Processing /opt/airflow/dags/taxi_zone_gcs_dag.py took 2.224 seconds
[2022-07-22 13:42:05,970] {processor.py:163} INFO - Started process (PID=325) to work on /opt/airflow/dags/taxi_zone_gcs_dag.py
[2022-07-22 13:42:05,972] {processor.py:642} INFO - Processing file /opt/airflow/dags/taxi_zone_gcs_dag.py for tasks to queue
[2022-07-22 13:42:05,973] {logging_mixin.py:109} INFO - [2022-07-22 13:42:05,973] {dagbag.py:500} INFO - Filling up the DagBag from /opt/airflow/dags/taxi_zone_gcs_dag.py
[2022-07-22 13:42:07,000] {processor.py:654} INFO - DAG(s) dict_keys(['taxi_zone_dag']) retrieved from /opt/airflow/dags/taxi_zone_gcs_dag.py
[2022-07-22 13:42:07,092] {logging_mixin.py:109} INFO - [2022-07-22 13:42:07,092] {dag.py:2396} INFO - Sync 1 DAGs
[2022-07-22 13:42:07,117] {logging_mixin.py:109} INFO - [2022-07-22 13:42:07,116] {dag.py:2935} INFO - Setting next_dagrun for taxi_zone_dag to 2022-02-01T00:00:00+00:00
[2022-07-22 13:42:07,132] {processor.py:171} INFO - Processing /opt/airflow/dags/taxi_zone_gcs_dag.py took 1.167 seconds
[2022-07-22 13:42:37,295] {processor.py:163} INFO - Started process (PID=382) to work on /opt/airflow/dags/taxi_zone_gcs_dag.py
[2022-07-22 13:42:37,298] {processor.py:642} INFO - Processing file /opt/airflow/dags/taxi_zone_gcs_dag.py for tasks to queue
[2022-07-22 13:42:37,299] {logging_mixin.py:109} INFO - [2022-07-22 13:42:37,298] {dagbag.py:500} INFO - Filling up the DagBag from /opt/airflow/dags/taxi_zone_gcs_dag.py
[2022-07-22 13:42:38,877] {processor.py:654} INFO - DAG(s) dict_keys(['taxi_zone_dag']) retrieved from /opt/airflow/dags/taxi_zone_gcs_dag.py
[2022-07-22 13:42:38,996] {logging_mixin.py:109} INFO - [2022-07-22 13:42:38,995] {dag.py:2396} INFO - Sync 1 DAGs
[2022-07-22 13:42:39,023] {logging_mixin.py:109} INFO - [2022-07-22 13:42:39,023] {dag.py:2935} INFO - Setting next_dagrun for taxi_zone_dag to 2022-02-01T00:00:00+00:00
[2022-07-22 13:42:39,040] {processor.py:171} INFO - Processing /opt/airflow/dags/taxi_zone_gcs_dag.py took 1.752 seconds
[2022-07-22 13:43:09,156] {processor.py:163} INFO - Started process (PID=429) to work on /opt/airflow/dags/taxi_zone_gcs_dag.py
[2022-07-22 13:43:09,163] {processor.py:642} INFO - Processing file /opt/airflow/dags/taxi_zone_gcs_dag.py for tasks to queue
[2022-07-22 13:43:09,165] {logging_mixin.py:109} INFO - [2022-07-22 13:43:09,164] {dagbag.py:500} INFO - Filling up the DagBag from /opt/airflow/dags/taxi_zone_gcs_dag.py
[2022-07-22 13:43:10,557] {processor.py:654} INFO - DAG(s) dict_keys(['taxi_zone_dag']) retrieved from /opt/airflow/dags/taxi_zone_gcs_dag.py
[2022-07-22 13:43:10,572] {logging_mixin.py:109} INFO - [2022-07-22 13:43:10,572] {dag.py:2396} INFO - Sync 1 DAGs
[2022-07-22 13:43:10,595] {logging_mixin.py:109} INFO - [2022-07-22 13:43:10,595] {dag.py:2935} INFO - Setting next_dagrun for taxi_zone_dag to 2022-02-01T00:00:00+00:00
[2022-07-22 13:43:10,609] {processor.py:171} INFO - Processing /opt/airflow/dags/taxi_zone_gcs_dag.py took 1.460 seconds
