[2022-02-08 16:13:22,281] {processor.py:163} INFO - Started process (PID=177) to work on /opt/airflow/dags/taxi_zone_gcs_dag.py
[2022-02-08 16:13:22,283] {processor.py:642} INFO - Processing file /opt/airflow/dags/taxi_zone_gcs_dag.py for tasks to queue
[2022-02-08 16:13:22,285] {logging_mixin.py:109} INFO - [2022-02-08 16:13:22,285] {dagbag.py:500} INFO - Filling up the DagBag from /opt/airflow/dags/taxi_zone_gcs_dag.py
[2022-02-08 16:13:25,208] {processor.py:654} INFO - DAG(s) dict_keys(['taxi_zone_dag']) retrieved from /opt/airflow/dags/taxi_zone_gcs_dag.py
[2022-02-08 16:13:25,223] {logging_mixin.py:109} INFO - [2022-02-08 16:13:25,222] {dag.py:2396} INFO - Sync 1 DAGs
[2022-02-08 16:13:25,252] {logging_mixin.py:109} INFO - [2022-02-08 16:13:25,251] {dag.py:2935} INFO - Setting next_dagrun for taxi_zone_dag to 2022-02-01T00:00:00+00:00
[2022-02-08 16:13:25,395] {processor.py:171} INFO - Processing /opt/airflow/dags/taxi_zone_gcs_dag.py took 3.121 seconds
[2022-02-08 16:13:55,613] {processor.py:163} INFO - Started process (PID=225) to work on /opt/airflow/dags/taxi_zone_gcs_dag.py
[2022-02-08 16:13:55,615] {processor.py:642} INFO - Processing file /opt/airflow/dags/taxi_zone_gcs_dag.py for tasks to queue
[2022-02-08 16:13:55,616] {logging_mixin.py:109} INFO - [2022-02-08 16:13:55,616] {dagbag.py:500} INFO - Filling up the DagBag from /opt/airflow/dags/taxi_zone_gcs_dag.py
[2022-02-08 16:13:56,382] {processor.py:654} INFO - DAG(s) dict_keys(['taxi_zone_dag']) retrieved from /opt/airflow/dags/taxi_zone_gcs_dag.py
[2022-02-08 16:13:56,395] {logging_mixin.py:109} INFO - [2022-02-08 16:13:56,395] {dag.py:2396} INFO - Sync 1 DAGs
[2022-02-08 16:13:56,481] {logging_mixin.py:109} INFO - [2022-02-08 16:13:56,481] {dag.py:2935} INFO - Setting next_dagrun for taxi_zone_dag to 2022-02-01T00:00:00+00:00
[2022-02-08 16:13:56,492] {processor.py:171} INFO - Processing /opt/airflow/dags/taxi_zone_gcs_dag.py took 0.881 seconds
[2022-02-08 16:14:26,592] {processor.py:163} INFO - Started process (PID=271) to work on /opt/airflow/dags/taxi_zone_gcs_dag.py
[2022-02-08 16:14:26,593] {processor.py:642} INFO - Processing file /opt/airflow/dags/taxi_zone_gcs_dag.py for tasks to queue
[2022-02-08 16:14:26,593] {logging_mixin.py:109} INFO - [2022-02-08 16:14:26,593] {dagbag.py:500} INFO - Filling up the DagBag from /opt/airflow/dags/taxi_zone_gcs_dag.py
[2022-02-08 16:14:27,346] {processor.py:654} INFO - DAG(s) dict_keys(['taxi_zone_dag']) retrieved from /opt/airflow/dags/taxi_zone_gcs_dag.py
[2022-02-08 16:14:27,362] {logging_mixin.py:109} INFO - [2022-02-08 16:14:27,362] {dag.py:2396} INFO - Sync 1 DAGs
[2022-02-08 16:14:27,469] {logging_mixin.py:109} INFO - [2022-02-08 16:14:27,469] {dag.py:2935} INFO - Setting next_dagrun for taxi_zone_dag to 2022-02-01T00:00:00+00:00
[2022-02-08 16:14:27,488] {processor.py:171} INFO - Processing /opt/airflow/dags/taxi_zone_gcs_dag.py took 0.899 seconds
[2022-02-08 16:14:57,610] {processor.py:163} INFO - Started process (PID=330) to work on /opt/airflow/dags/taxi_zone_gcs_dag.py
[2022-02-08 16:14:57,617] {processor.py:642} INFO - Processing file /opt/airflow/dags/taxi_zone_gcs_dag.py for tasks to queue
[2022-02-08 16:14:57,618] {logging_mixin.py:109} INFO - [2022-02-08 16:14:57,618] {dagbag.py:500} INFO - Filling up the DagBag from /opt/airflow/dags/taxi_zone_gcs_dag.py
[2022-02-08 16:14:58,405] {processor.py:654} INFO - DAG(s) dict_keys(['taxi_zone_dag']) retrieved from /opt/airflow/dags/taxi_zone_gcs_dag.py
[2022-02-08 16:14:58,482] {logging_mixin.py:109} INFO - [2022-02-08 16:14:58,481] {dag.py:2396} INFO - Sync 1 DAGs
[2022-02-08 16:14:58,501] {logging_mixin.py:109} INFO - [2022-02-08 16:14:58,500] {dag.py:2935} INFO - Setting next_dagrun for taxi_zone_dag to 2022-02-01T00:00:00+00:00
[2022-02-08 16:14:58,511] {processor.py:171} INFO - Processing /opt/airflow/dags/taxi_zone_gcs_dag.py took 0.904 seconds
[2022-02-08 16:15:28,692] {processor.py:163} INFO - Started process (PID=377) to work on /opt/airflow/dags/taxi_zone_gcs_dag.py
[2022-02-08 16:15:28,694] {processor.py:642} INFO - Processing file /opt/airflow/dags/taxi_zone_gcs_dag.py for tasks to queue
[2022-02-08 16:15:28,694] {logging_mixin.py:109} INFO - [2022-02-08 16:15:28,694] {dagbag.py:500} INFO - Filling up the DagBag from /opt/airflow/dags/taxi_zone_gcs_dag.py
[2022-02-08 16:15:29,641] {processor.py:654} INFO - DAG(s) dict_keys(['taxi_zone_dag']) retrieved from /opt/airflow/dags/taxi_zone_gcs_dag.py
[2022-02-08 16:15:29,786] {logging_mixin.py:109} INFO - [2022-02-08 16:15:29,786] {dag.py:2396} INFO - Sync 1 DAGs
[2022-02-08 16:15:29,804] {logging_mixin.py:109} INFO - [2022-02-08 16:15:29,804] {dag.py:2935} INFO - Setting next_dagrun for taxi_zone_dag to 2022-02-01T00:00:00+00:00
[2022-02-08 16:15:29,816] {processor.py:171} INFO - Processing /opt/airflow/dags/taxi_zone_gcs_dag.py took 1.127 seconds
[2022-02-08 16:15:59,888] {processor.py:163} INFO - Started process (PID=433) to work on /opt/airflow/dags/taxi_zone_gcs_dag.py
[2022-02-08 16:15:59,889] {processor.py:642} INFO - Processing file /opt/airflow/dags/taxi_zone_gcs_dag.py for tasks to queue
[2022-02-08 16:15:59,890] {logging_mixin.py:109} INFO - [2022-02-08 16:15:59,890] {dagbag.py:500} INFO - Filling up the DagBag from /opt/airflow/dags/taxi_zone_gcs_dag.py
[2022-02-08 16:16:00,673] {processor.py:654} INFO - DAG(s) dict_keys(['taxi_zone_dag']) retrieved from /opt/airflow/dags/taxi_zone_gcs_dag.py
[2022-02-08 16:16:00,766] {logging_mixin.py:109} INFO - [2022-02-08 16:16:00,765] {dag.py:2396} INFO - Sync 1 DAGs
[2022-02-08 16:16:00,787] {logging_mixin.py:109} INFO - [2022-02-08 16:16:00,787] {dag.py:2935} INFO - Setting next_dagrun for taxi_zone_dag to 2022-02-01T00:00:00+00:00
[2022-02-08 16:16:00,799] {processor.py:171} INFO - Processing /opt/airflow/dags/taxi_zone_gcs_dag.py took 0.914 seconds
[2022-02-08 16:16:30,877] {processor.py:163} INFO - Started process (PID=478) to work on /opt/airflow/dags/taxi_zone_gcs_dag.py
[2022-02-08 16:16:30,881] {processor.py:642} INFO - Processing file /opt/airflow/dags/taxi_zone_gcs_dag.py for tasks to queue
[2022-02-08 16:16:30,881] {logging_mixin.py:109} INFO - [2022-02-08 16:16:30,881] {dagbag.py:500} INFO - Filling up the DagBag from /opt/airflow/dags/taxi_zone_gcs_dag.py
[2022-02-08 16:16:31,778] {processor.py:654} INFO - DAG(s) dict_keys(['taxi_zone_dag']) retrieved from /opt/airflow/dags/taxi_zone_gcs_dag.py
[2022-02-08 16:16:31,790] {logging_mixin.py:109} INFO - [2022-02-08 16:16:31,790] {dag.py:2396} INFO - Sync 1 DAGs
[2022-02-08 16:16:31,808] {logging_mixin.py:109} INFO - [2022-02-08 16:16:31,808] {dag.py:2935} INFO - Setting next_dagrun for taxi_zone_dag to 2022-02-01T00:00:00+00:00
[2022-02-08 16:16:31,824] {processor.py:171} INFO - Processing /opt/airflow/dags/taxi_zone_gcs_dag.py took 0.950 seconds
[2022-02-08 16:17:01,988] {processor.py:163} INFO - Started process (PID=536) to work on /opt/airflow/dags/taxi_zone_gcs_dag.py
[2022-02-08 16:17:01,993] {processor.py:642} INFO - Processing file /opt/airflow/dags/taxi_zone_gcs_dag.py for tasks to queue
[2022-02-08 16:17:01,994] {logging_mixin.py:109} INFO - [2022-02-08 16:17:01,994] {dagbag.py:500} INFO - Filling up the DagBag from /opt/airflow/dags/taxi_zone_gcs_dag.py
[2022-02-08 16:17:02,912] {processor.py:654} INFO - DAG(s) dict_keys(['taxi_zone_dag']) retrieved from /opt/airflow/dags/taxi_zone_gcs_dag.py
[2022-02-08 16:17:02,925] {logging_mixin.py:109} INFO - [2022-02-08 16:17:02,925] {dag.py:2396} INFO - Sync 1 DAGs
[2022-02-08 16:17:02,945] {logging_mixin.py:109} INFO - [2022-02-08 16:17:02,945] {dag.py:2935} INFO - Setting next_dagrun for taxi_zone_dag to 2022-02-01T00:00:00+00:00
[2022-02-08 16:17:02,959] {processor.py:171} INFO - Processing /opt/airflow/dags/taxi_zone_gcs_dag.py took 0.974 seconds
[2022-02-08 16:17:33,084] {processor.py:163} INFO - Started process (PID=582) to work on /opt/airflow/dags/taxi_zone_gcs_dag.py
[2022-02-08 16:17:33,085] {processor.py:642} INFO - Processing file /opt/airflow/dags/taxi_zone_gcs_dag.py for tasks to queue
[2022-02-08 16:17:33,086] {logging_mixin.py:109} INFO - [2022-02-08 16:17:33,086] {dagbag.py:500} INFO - Filling up the DagBag from /opt/airflow/dags/taxi_zone_gcs_dag.py
[2022-02-08 16:17:34,021] {processor.py:654} INFO - DAG(s) dict_keys(['taxi_zone_dag']) retrieved from /opt/airflow/dags/taxi_zone_gcs_dag.py
[2022-02-08 16:17:34,036] {logging_mixin.py:109} INFO - [2022-02-08 16:17:34,036] {dag.py:2396} INFO - Sync 1 DAGs
[2022-02-08 16:17:34,058] {logging_mixin.py:109} INFO - [2022-02-08 16:17:34,058] {dag.py:2935} INFO - Setting next_dagrun for taxi_zone_dag to 2022-02-01T00:00:00+00:00
[2022-02-08 16:17:34,078] {processor.py:171} INFO - Processing /opt/airflow/dags/taxi_zone_gcs_dag.py took 0.997 seconds
[2022-02-08 16:18:04,283] {processor.py:163} INFO - Started process (PID=638) to work on /opt/airflow/dags/taxi_zone_gcs_dag.py
[2022-02-08 16:18:04,289] {processor.py:642} INFO - Processing file /opt/airflow/dags/taxi_zone_gcs_dag.py for tasks to queue
[2022-02-08 16:18:04,289] {logging_mixin.py:109} INFO - [2022-02-08 16:18:04,289] {dagbag.py:500} INFO - Filling up the DagBag from /opt/airflow/dags/taxi_zone_gcs_dag.py
[2022-02-08 16:18:06,225] {processor.py:654} INFO - DAG(s) dict_keys(['taxi_zone_dag']) retrieved from /opt/airflow/dags/taxi_zone_gcs_dag.py
[2022-02-08 16:18:06,241] {logging_mixin.py:109} INFO - [2022-02-08 16:18:06,241] {dag.py:2396} INFO - Sync 1 DAGs
[2022-02-08 16:18:06,277] {logging_mixin.py:109} INFO - [2022-02-08 16:18:06,277] {dag.py:2935} INFO - Setting next_dagrun for taxi_zone_dag to 2022-02-01T00:00:00+00:00
[2022-02-08 16:18:06,317] {processor.py:171} INFO - Processing /opt/airflow/dags/taxi_zone_gcs_dag.py took 2.039 seconds
[2022-02-08 16:18:36,552] {processor.py:163} INFO - Started process (PID=686) to work on /opt/airflow/dags/taxi_zone_gcs_dag.py
[2022-02-08 16:18:36,554] {processor.py:642} INFO - Processing file /opt/airflow/dags/taxi_zone_gcs_dag.py for tasks to queue
[2022-02-08 16:18:36,555] {logging_mixin.py:109} INFO - [2022-02-08 16:18:36,555] {dagbag.py:500} INFO - Filling up the DagBag from /opt/airflow/dags/taxi_zone_gcs_dag.py
[2022-02-08 16:18:37,741] {processor.py:654} INFO - DAG(s) dict_keys(['taxi_zone_dag']) retrieved from /opt/airflow/dags/taxi_zone_gcs_dag.py
[2022-02-08 16:18:37,755] {logging_mixin.py:109} INFO - [2022-02-08 16:18:37,755] {dag.py:2396} INFO - Sync 1 DAGs
[2022-02-08 16:18:37,775] {logging_mixin.py:109} INFO - [2022-02-08 16:18:37,775] {dag.py:2935} INFO - Setting next_dagrun for taxi_zone_dag to 2022-02-01T00:00:00+00:00
[2022-02-08 16:18:37,787] {processor.py:171} INFO - Processing /opt/airflow/dags/taxi_zone_gcs_dag.py took 1.239 seconds
[2022-02-08 16:19:07,895] {processor.py:163} INFO - Started process (PID=742) to work on /opt/airflow/dags/taxi_zone_gcs_dag.py
[2022-02-08 16:19:07,896] {processor.py:642} INFO - Processing file /opt/airflow/dags/taxi_zone_gcs_dag.py for tasks to queue
[2022-02-08 16:19:07,897] {logging_mixin.py:109} INFO - [2022-02-08 16:19:07,897] {dagbag.py:500} INFO - Filling up the DagBag from /opt/airflow/dags/taxi_zone_gcs_dag.py
[2022-02-08 16:19:08,817] {processor.py:654} INFO - DAG(s) dict_keys(['taxi_zone_dag']) retrieved from /opt/airflow/dags/taxi_zone_gcs_dag.py
[2022-02-08 16:19:08,830] {logging_mixin.py:109} INFO - [2022-02-08 16:19:08,830] {dag.py:2396} INFO - Sync 1 DAGs
[2022-02-08 16:19:08,850] {logging_mixin.py:109} INFO - [2022-02-08 16:19:08,850] {dag.py:2935} INFO - Setting next_dagrun for taxi_zone_dag to 2022-02-01T00:00:00+00:00
[2022-02-08 16:19:08,867] {processor.py:171} INFO - Processing /opt/airflow/dags/taxi_zone_gcs_dag.py took 0.975 seconds
[2022-02-08 16:19:38,978] {processor.py:163} INFO - Started process (PID=789) to work on /opt/airflow/dags/taxi_zone_gcs_dag.py
[2022-02-08 16:19:38,982] {processor.py:642} INFO - Processing file /opt/airflow/dags/taxi_zone_gcs_dag.py for tasks to queue
[2022-02-08 16:19:38,982] {logging_mixin.py:109} INFO - [2022-02-08 16:19:38,982] {dagbag.py:500} INFO - Filling up the DagBag from /opt/airflow/dags/taxi_zone_gcs_dag.py
[2022-02-08 16:19:39,840] {processor.py:654} INFO - DAG(s) dict_keys(['taxi_zone_dag']) retrieved from /opt/airflow/dags/taxi_zone_gcs_dag.py
[2022-02-08 16:19:39,850] {logging_mixin.py:109} INFO - [2022-02-08 16:19:39,850] {dag.py:2396} INFO - Sync 1 DAGs
[2022-02-08 16:19:39,866] {logging_mixin.py:109} INFO - [2022-02-08 16:19:39,866] {dag.py:2935} INFO - Setting next_dagrun for taxi_zone_dag to 2022-02-01T00:00:00+00:00
[2022-02-08 16:19:39,879] {processor.py:171} INFO - Processing /opt/airflow/dags/taxi_zone_gcs_dag.py took 0.905 seconds
[2022-02-08 16:20:09,978] {processor.py:163} INFO - Started process (PID=844) to work on /opt/airflow/dags/taxi_zone_gcs_dag.py
[2022-02-08 16:20:09,979] {processor.py:642} INFO - Processing file /opt/airflow/dags/taxi_zone_gcs_dag.py for tasks to queue
[2022-02-08 16:20:09,980] {logging_mixin.py:109} INFO - [2022-02-08 16:20:09,980] {dagbag.py:500} INFO - Filling up the DagBag from /opt/airflow/dags/taxi_zone_gcs_dag.py
[2022-02-08 16:20:10,994] {processor.py:654} INFO - DAG(s) dict_keys(['taxi_zone_dag']) retrieved from /opt/airflow/dags/taxi_zone_gcs_dag.py
[2022-02-08 16:20:11,008] {logging_mixin.py:109} INFO - [2022-02-08 16:20:11,008] {dag.py:2396} INFO - Sync 1 DAGs
[2022-02-08 16:20:11,031] {logging_mixin.py:109} INFO - [2022-02-08 16:20:11,030] {dag.py:2935} INFO - Setting next_dagrun for taxi_zone_dag to 2022-02-01T00:00:00+00:00
[2022-02-08 16:20:11,045] {processor.py:171} INFO - Processing /opt/airflow/dags/taxi_zone_gcs_dag.py took 1.070 seconds
[2022-02-08 16:20:41,195] {processor.py:163} INFO - Started process (PID=891) to work on /opt/airflow/dags/taxi_zone_gcs_dag.py
[2022-02-08 16:20:41,202] {processor.py:642} INFO - Processing file /opt/airflow/dags/taxi_zone_gcs_dag.py for tasks to queue
[2022-02-08 16:20:41,204] {logging_mixin.py:109} INFO - [2022-02-08 16:20:41,204] {dagbag.py:500} INFO - Filling up the DagBag from /opt/airflow/dags/taxi_zone_gcs_dag.py
[2022-02-08 16:20:42,903] {processor.py:654} INFO - DAG(s) dict_keys(['taxi_zone_dag']) retrieved from /opt/airflow/dags/taxi_zone_gcs_dag.py
[2022-02-08 16:20:42,920] {logging_mixin.py:109} INFO - [2022-02-08 16:20:42,919] {dag.py:2396} INFO - Sync 1 DAGs
[2022-02-08 16:20:42,946] {logging_mixin.py:109} INFO - [2022-02-08 16:20:42,946] {dag.py:2935} INFO - Setting next_dagrun for taxi_zone_dag to 2022-02-01T00:00:00+00:00
[2022-02-08 16:20:42,962] {processor.py:171} INFO - Processing /opt/airflow/dags/taxi_zone_gcs_dag.py took 1.770 seconds
[2022-02-08 16:21:13,134] {processor.py:163} INFO - Started process (PID=938) to work on /opt/airflow/dags/taxi_zone_gcs_dag.py
[2022-02-08 16:21:13,137] {processor.py:642} INFO - Processing file /opt/airflow/dags/taxi_zone_gcs_dag.py for tasks to queue
[2022-02-08 16:21:13,141] {logging_mixin.py:109} INFO - [2022-02-08 16:21:13,141] {dagbag.py:500} INFO - Filling up the DagBag from /opt/airflow/dags/taxi_zone_gcs_dag.py
[2022-02-08 16:21:14,221] {processor.py:654} INFO - DAG(s) dict_keys(['taxi_zone_dag']) retrieved from /opt/airflow/dags/taxi_zone_gcs_dag.py
[2022-02-08 16:21:14,234] {logging_mixin.py:109} INFO - [2022-02-08 16:21:14,233] {dag.py:2396} INFO - Sync 1 DAGs
[2022-02-08 16:21:14,262] {logging_mixin.py:109} INFO - [2022-02-08 16:21:14,262] {dag.py:2935} INFO - Setting next_dagrun for taxi_zone_dag to 2022-02-01T00:00:00+00:00
[2022-02-08 16:21:14,277] {processor.py:171} INFO - Processing /opt/airflow/dags/taxi_zone_gcs_dag.py took 1.155 seconds
[2022-02-08 16:21:44,421] {processor.py:163} INFO - Started process (PID=997) to work on /opt/airflow/dags/taxi_zone_gcs_dag.py
[2022-02-08 16:21:44,424] {processor.py:642} INFO - Processing file /opt/airflow/dags/taxi_zone_gcs_dag.py for tasks to queue
[2022-02-08 16:21:44,426] {logging_mixin.py:109} INFO - [2022-02-08 16:21:44,426] {dagbag.py:500} INFO - Filling up the DagBag from /opt/airflow/dags/taxi_zone_gcs_dag.py
[2022-02-08 16:21:45,926] {processor.py:654} INFO - DAG(s) dict_keys(['taxi_zone_dag']) retrieved from /opt/airflow/dags/taxi_zone_gcs_dag.py
[2022-02-08 16:21:45,961] {logging_mixin.py:109} INFO - [2022-02-08 16:21:45,961] {dag.py:2396} INFO - Sync 1 DAGs
[2022-02-08 16:21:46,008] {logging_mixin.py:109} INFO - [2022-02-08 16:21:46,008] {dag.py:2935} INFO - Setting next_dagrun for taxi_zone_dag to 2022-02-01T00:00:00+00:00
[2022-02-08 16:21:46,033] {processor.py:171} INFO - Processing /opt/airflow/dags/taxi_zone_gcs_dag.py took 1.616 seconds
[2022-02-08 16:22:16,197] {processor.py:163} INFO - Started process (PID=1043) to work on /opt/airflow/dags/taxi_zone_gcs_dag.py
[2022-02-08 16:22:16,199] {processor.py:642} INFO - Processing file /opt/airflow/dags/taxi_zone_gcs_dag.py for tasks to queue
[2022-02-08 16:22:16,200] {logging_mixin.py:109} INFO - [2022-02-08 16:22:16,199] {dagbag.py:500} INFO - Filling up the DagBag from /opt/airflow/dags/taxi_zone_gcs_dag.py
[2022-02-08 16:22:17,257] {processor.py:654} INFO - DAG(s) dict_keys(['taxi_zone_dag']) retrieved from /opt/airflow/dags/taxi_zone_gcs_dag.py
[2022-02-08 16:22:17,273] {logging_mixin.py:109} INFO - [2022-02-08 16:22:17,272] {dag.py:2396} INFO - Sync 1 DAGs
[2022-02-08 16:22:17,295] {logging_mixin.py:109} INFO - [2022-02-08 16:22:17,295] {dag.py:2935} INFO - Setting next_dagrun for taxi_zone_dag to 2022-02-01T00:00:00+00:00
[2022-02-08 16:22:17,313] {processor.py:171} INFO - Processing /opt/airflow/dags/taxi_zone_gcs_dag.py took 1.119 seconds
[2022-02-08 16:22:47,470] {processor.py:163} INFO - Started process (PID=1089) to work on /opt/airflow/dags/taxi_zone_gcs_dag.py
[2022-02-08 16:22:47,471] {processor.py:642} INFO - Processing file /opt/airflow/dags/taxi_zone_gcs_dag.py for tasks to queue
[2022-02-08 16:22:47,472] {logging_mixin.py:109} INFO - [2022-02-08 16:22:47,472] {dagbag.py:500} INFO - Filling up the DagBag from /opt/airflow/dags/taxi_zone_gcs_dag.py
[2022-02-08 16:22:48,433] {processor.py:654} INFO - DAG(s) dict_keys(['taxi_zone_dag']) retrieved from /opt/airflow/dags/taxi_zone_gcs_dag.py
[2022-02-08 16:22:48,445] {logging_mixin.py:109} INFO - [2022-02-08 16:22:48,444] {dag.py:2396} INFO - Sync 1 DAGs
[2022-02-08 16:22:48,463] {logging_mixin.py:109} INFO - [2022-02-08 16:22:48,463] {dag.py:2935} INFO - Setting next_dagrun for taxi_zone_dag to 2022-02-01T00:00:00+00:00
[2022-02-08 16:22:48,474] {processor.py:171} INFO - Processing /opt/airflow/dags/taxi_zone_gcs_dag.py took 1.008 seconds
[2022-02-08 16:23:18,621] {processor.py:163} INFO - Started process (PID=1145) to work on /opt/airflow/dags/taxi_zone_gcs_dag.py
[2022-02-08 16:23:18,632] {processor.py:642} INFO - Processing file /opt/airflow/dags/taxi_zone_gcs_dag.py for tasks to queue
[2022-02-08 16:23:18,633] {logging_mixin.py:109} INFO - [2022-02-08 16:23:18,632] {dagbag.py:500} INFO - Filling up the DagBag from /opt/airflow/dags/taxi_zone_gcs_dag.py
[2022-02-08 16:23:19,860] {processor.py:654} INFO - DAG(s) dict_keys(['taxi_zone_dag']) retrieved from /opt/airflow/dags/taxi_zone_gcs_dag.py
[2022-02-08 16:23:19,874] {logging_mixin.py:109} INFO - [2022-02-08 16:23:19,874] {dag.py:2396} INFO - Sync 1 DAGs
[2022-02-08 16:23:19,896] {logging_mixin.py:109} INFO - [2022-02-08 16:23:19,896] {dag.py:2935} INFO - Setting next_dagrun for taxi_zone_dag to 2022-02-01T00:00:00+00:00
[2022-02-08 16:23:19,906] {processor.py:171} INFO - Processing /opt/airflow/dags/taxi_zone_gcs_dag.py took 1.288 seconds
