[2022-07-22 13:28:24,524] {processor.py:163} INFO - Started process (PID=217) to work on /opt/airflow/dags/fhv_gcs_dag.py
[2022-07-22 13:28:24,526] {processor.py:642} INFO - Processing file /opt/airflow/dags/fhv_gcs_dag.py for tasks to queue
[2022-07-22 13:28:24,555] {logging_mixin.py:109} INFO - [2022-07-22 13:28:24,555] {dagbag.py:500} INFO - Filling up the DagBag from /opt/airflow/dags/fhv_gcs_dag.py
[2022-07-22 13:28:28,307] {processor.py:654} INFO - DAG(s) dict_keys(['fhv_gcs_dag']) retrieved from /opt/airflow/dags/fhv_gcs_dag.py
[2022-07-22 13:28:35,157] {logging_mixin.py:109} INFO - [2022-07-22 13:28:35,157] {manager.py:496} INFO - Created Permission View: can read on DAG:fhv_gcs_dag
[2022-07-22 13:28:35,398] {logging_mixin.py:109} INFO - [2022-07-22 13:28:35,398] {manager.py:496} INFO - Created Permission View: can edit on DAG:fhv_gcs_dag
[2022-07-22 13:28:35,400] {logging_mixin.py:109} INFO - [2022-07-22 13:28:35,399] {dag.py:2396} INFO - Sync 1 DAGs
[2022-07-22 13:28:35,591] {logging_mixin.py:109} INFO - [2022-07-22 13:28:35,591] {dag.py:2415} INFO - Creating ORM DAG for fhv_gcs_dag
[2022-07-22 13:28:35,802] {logging_mixin.py:109} INFO - [2022-07-22 13:28:35,802] {dag.py:2935} INFO - Setting next_dagrun for fhv_gcs_dag to 2019-01-01 00:15:00+00:00
[2022-07-22 13:28:36,022] {processor.py:171} INFO - Processing /opt/airflow/dags/fhv_gcs_dag.py took 11.531 seconds
[2022-07-22 13:29:06,628] {processor.py:163} INFO - Started process (PID=264) to work on /opt/airflow/dags/fhv_gcs_dag.py
[2022-07-22 13:29:06,631] {processor.py:642} INFO - Processing file /opt/airflow/dags/fhv_gcs_dag.py for tasks to queue
[2022-07-22 13:29:06,641] {logging_mixin.py:109} INFO - [2022-07-22 13:29:06,641] {dagbag.py:500} INFO - Filling up the DagBag from /opt/airflow/dags/fhv_gcs_dag.py
[2022-07-22 13:29:08,854] {processor.py:654} INFO - DAG(s) dict_keys(['fhv_gcs_dag']) retrieved from /opt/airflow/dags/fhv_gcs_dag.py
[2022-07-22 13:29:09,064] {logging_mixin.py:109} INFO - [2022-07-22 13:29:09,063] {dag.py:2396} INFO - Sync 1 DAGs
[2022-07-22 13:29:09,125] {logging_mixin.py:109} INFO - [2022-07-22 13:29:09,125] {dag.py:2935} INFO - Setting next_dagrun for fhv_gcs_dag to 2019-01-01 00:15:00+00:00
[2022-07-22 13:29:09,174] {processor.py:171} INFO - Processing /opt/airflow/dags/fhv_gcs_dag.py took 2.551 seconds
[2022-07-22 13:29:39,549] {processor.py:163} INFO - Started process (PID=311) to work on /opt/airflow/dags/fhv_gcs_dag.py
[2022-07-22 13:29:39,558] {processor.py:642} INFO - Processing file /opt/airflow/dags/fhv_gcs_dag.py for tasks to queue
[2022-07-22 13:29:39,559] {logging_mixin.py:109} INFO - [2022-07-22 13:29:39,559] {dagbag.py:500} INFO - Filling up the DagBag from /opt/airflow/dags/fhv_gcs_dag.py
[2022-07-22 13:29:41,382] {processor.py:654} INFO - DAG(s) dict_keys(['fhv_gcs_dag']) retrieved from /opt/airflow/dags/fhv_gcs_dag.py
[2022-07-22 13:29:41,505] {logging_mixin.py:109} INFO - [2022-07-22 13:29:41,504] {dag.py:2396} INFO - Sync 1 DAGs
[2022-07-22 13:29:41,556] {logging_mixin.py:109} INFO - [2022-07-22 13:29:41,555] {dag.py:2935} INFO - Setting next_dagrun for fhv_gcs_dag to 2019-01-01 00:15:00+00:00
[2022-07-22 13:29:41,588] {processor.py:171} INFO - Processing /opt/airflow/dags/fhv_gcs_dag.py took 2.045 seconds
[2022-07-22 13:30:12,024] {processor.py:163} INFO - Started process (PID=368) to work on /opt/airflow/dags/fhv_gcs_dag.py
[2022-07-22 13:30:12,032] {processor.py:642} INFO - Processing file /opt/airflow/dags/fhv_gcs_dag.py for tasks to queue
[2022-07-22 13:30:12,037] {logging_mixin.py:109} INFO - [2022-07-22 13:30:12,036] {dagbag.py:500} INFO - Filling up the DagBag from /opt/airflow/dags/fhv_gcs_dag.py
[2022-07-22 13:30:13,696] {processor.py:654} INFO - DAG(s) dict_keys(['fhv_gcs_dag']) retrieved from /opt/airflow/dags/fhv_gcs_dag.py
[2022-07-22 13:30:13,866] {logging_mixin.py:109} INFO - [2022-07-22 13:30:13,866] {dag.py:2396} INFO - Sync 1 DAGs
[2022-07-22 13:30:13,902] {logging_mixin.py:109} INFO - [2022-07-22 13:30:13,902] {dag.py:2935} INFO - Setting next_dagrun for fhv_gcs_dag to 2019-01-01 00:15:00+00:00
[2022-07-22 13:30:13,924] {processor.py:171} INFO - Processing /opt/airflow/dags/fhv_gcs_dag.py took 1.905 seconds
[2022-07-22 13:40:31,655] {processor.py:163} INFO - Started process (PID=202) to work on /opt/airflow/dags/fhv_gcs_dag.py
[2022-07-22 13:40:31,658] {processor.py:642} INFO - Processing file /opt/airflow/dags/fhv_gcs_dag.py for tasks to queue
[2022-07-22 13:40:31,659] {logging_mixin.py:109} INFO - [2022-07-22 13:40:31,659] {dagbag.py:500} INFO - Filling up the DagBag from /opt/airflow/dags/fhv_gcs_dag.py
[2022-07-22 13:40:32,962] {processor.py:654} INFO - DAG(s) dict_keys(['fhv_gcs_dag']) retrieved from /opt/airflow/dags/fhv_gcs_dag.py
[2022-07-22 13:40:35,345] {logging_mixin.py:109} INFO - [2022-07-22 13:40:35,345] {manager.py:496} INFO - Created Permission View: can read on DAG:fhv_gcs_dag
[2022-07-22 13:40:35,359] {logging_mixin.py:109} INFO - [2022-07-22 13:40:35,359] {manager.py:496} INFO - Created Permission View: can edit on DAG:fhv_gcs_dag
[2022-07-22 13:40:35,360] {logging_mixin.py:109} INFO - [2022-07-22 13:40:35,360] {dag.py:2396} INFO - Sync 1 DAGs
[2022-07-22 13:40:35,373] {logging_mixin.py:109} INFO - [2022-07-22 13:40:35,373] {dag.py:2415} INFO - Creating ORM DAG for fhv_gcs_dag
[2022-07-22 13:40:35,387] {logging_mixin.py:109} INFO - [2022-07-22 13:40:35,387] {dag.py:2935} INFO - Setting next_dagrun for fhv_gcs_dag to 2019-01-01 00:15:00+00:00
[2022-07-22 13:40:35,411] {processor.py:171} INFO - Processing /opt/airflow/dags/fhv_gcs_dag.py took 3.760 seconds
[2022-07-22 13:41:05,528] {processor.py:163} INFO - Started process (PID=252) to work on /opt/airflow/dags/fhv_gcs_dag.py
[2022-07-22 13:41:05,529] {processor.py:642} INFO - Processing file /opt/airflow/dags/fhv_gcs_dag.py for tasks to queue
[2022-07-22 13:41:05,531] {logging_mixin.py:109} INFO - [2022-07-22 13:41:05,531] {dagbag.py:500} INFO - Filling up the DagBag from /opt/airflow/dags/fhv_gcs_dag.py
[2022-07-22 13:41:06,319] {processor.py:654} INFO - DAG(s) dict_keys(['fhv_gcs_dag']) retrieved from /opt/airflow/dags/fhv_gcs_dag.py
[2022-07-22 13:41:06,331] {logging_mixin.py:109} INFO - [2022-07-22 13:41:06,331] {dag.py:2396} INFO - Sync 1 DAGs
[2022-07-22 13:41:06,409] {logging_mixin.py:109} INFO - [2022-07-22 13:41:06,409] {dag.py:2935} INFO - Setting next_dagrun for fhv_gcs_dag to 2019-01-01 00:15:00+00:00
[2022-07-22 13:41:06,424] {processor.py:171} INFO - Processing /opt/airflow/dags/fhv_gcs_dag.py took 0.900 seconds
[2022-07-22 13:41:36,817] {processor.py:163} INFO - Started process (PID=297) to work on /opt/airflow/dags/fhv_gcs_dag.py
[2022-07-22 13:41:36,822] {processor.py:642} INFO - Processing file /opt/airflow/dags/fhv_gcs_dag.py for tasks to queue
[2022-07-22 13:41:36,824] {logging_mixin.py:109} INFO - [2022-07-22 13:41:36,824] {dagbag.py:500} INFO - Filling up the DagBag from /opt/airflow/dags/fhv_gcs_dag.py
[2022-07-22 13:41:39,460] {processor.py:654} INFO - DAG(s) dict_keys(['fhv_gcs_dag']) retrieved from /opt/airflow/dags/fhv_gcs_dag.py
[2022-07-22 13:41:39,541] {logging_mixin.py:109} INFO - [2022-07-22 13:41:39,540] {dag.py:2396} INFO - Sync 1 DAGs
[2022-07-22 13:41:39,563] {logging_mixin.py:109} INFO - [2022-07-22 13:41:39,563] {dag.py:2935} INFO - Setting next_dagrun for fhv_gcs_dag to 2019-01-01 00:15:00+00:00
[2022-07-22 13:41:39,576] {processor.py:171} INFO - Processing /opt/airflow/dags/fhv_gcs_dag.py took 2.763 seconds
[2022-07-22 13:42:10,201] {processor.py:163} INFO - Started process (PID=345) to work on /opt/airflow/dags/fhv_gcs_dag.py
[2022-07-22 13:42:10,203] {processor.py:642} INFO - Processing file /opt/airflow/dags/fhv_gcs_dag.py for tasks to queue
[2022-07-22 13:42:10,204] {logging_mixin.py:109} INFO - [2022-07-22 13:42:10,204] {dagbag.py:500} INFO - Filling up the DagBag from /opt/airflow/dags/fhv_gcs_dag.py
[2022-07-22 13:42:11,366] {processor.py:654} INFO - DAG(s) dict_keys(['fhv_gcs_dag']) retrieved from /opt/airflow/dags/fhv_gcs_dag.py
[2022-07-22 13:42:11,467] {logging_mixin.py:109} INFO - [2022-07-22 13:42:11,466] {dag.py:2396} INFO - Sync 1 DAGs
[2022-07-22 13:42:11,492] {logging_mixin.py:109} INFO - [2022-07-22 13:42:11,492] {dag.py:2935} INFO - Setting next_dagrun for fhv_gcs_dag to 2019-01-01 00:15:00+00:00
[2022-07-22 13:42:11,514] {processor.py:171} INFO - Processing /opt/airflow/dags/fhv_gcs_dag.py took 1.317 seconds
[2022-07-22 13:42:42,083] {processor.py:163} INFO - Started process (PID=400) to work on /opt/airflow/dags/fhv_gcs_dag.py
[2022-07-22 13:42:42,087] {processor.py:642} INFO - Processing file /opt/airflow/dags/fhv_gcs_dag.py for tasks to queue
[2022-07-22 13:42:42,088] {logging_mixin.py:109} INFO - [2022-07-22 13:42:42,087] {dagbag.py:500} INFO - Filling up the DagBag from /opt/airflow/dags/fhv_gcs_dag.py
[2022-07-22 13:42:42,830] {processor.py:654} INFO - DAG(s) dict_keys(['fhv_gcs_dag']) retrieved from /opt/airflow/dags/fhv_gcs_dag.py
[2022-07-22 13:42:42,903] {logging_mixin.py:109} INFO - [2022-07-22 13:42:42,903] {dag.py:2396} INFO - Sync 1 DAGs
[2022-07-22 13:42:42,924] {logging_mixin.py:109} INFO - [2022-07-22 13:42:42,923] {dag.py:2935} INFO - Setting next_dagrun for fhv_gcs_dag to 2019-01-01 00:15:00+00:00
[2022-07-22 13:42:42,938] {processor.py:171} INFO - Processing /opt/airflow/dags/fhv_gcs_dag.py took 0.859 seconds
