[2022-07-22 13:27:55,060] {processor.py:163} INFO - Started process (PID=176) to work on /opt/airflow/dags/yellow_taxi_gcs_dag.py
[2022-07-22 13:27:55,072] {processor.py:642} INFO - Processing file /opt/airflow/dags/yellow_taxi_gcs_dag.py for tasks to queue
[2022-07-22 13:27:55,074] {logging_mixin.py:109} INFO - [2022-07-22 13:27:55,074] {dagbag.py:500} INFO - Filling up the DagBag from /opt/airflow/dags/yellow_taxi_gcs_dag.py
[2022-07-22 13:28:07,184] {processor.py:654} INFO - DAG(s) dict_keys(['yellow_taxi_gcs_dag']) retrieved from /opt/airflow/dags/yellow_taxi_gcs_dag.py
[2022-07-22 13:28:23,121] {logging_mixin.py:109} INFO - [2022-07-22 13:28:23,121] {manager.py:496} INFO - Created Permission View: can read on DAG:yellow_taxi_gcs_dag
[2022-07-22 13:28:23,231] {logging_mixin.py:109} INFO - [2022-07-22 13:28:23,230] {manager.py:496} INFO - Created Permission View: can edit on DAG:yellow_taxi_gcs_dag
[2022-07-22 13:28:23,232] {logging_mixin.py:109} INFO - [2022-07-22 13:28:23,232] {dag.py:2396} INFO - Sync 1 DAGs
[2022-07-22 13:28:23,296] {logging_mixin.py:109} INFO - [2022-07-22 13:28:23,283] {dag.py:2415} INFO - Creating ORM DAG for yellow_taxi_gcs_dag
[2022-07-22 13:28:23,603] {logging_mixin.py:109} INFO - [2022-07-22 13:28:23,603] {dag.py:2935} INFO - Setting next_dagrun for yellow_taxi_gcs_dag to 2019-01-01 00:15:00+00:00
[2022-07-22 13:28:23,962] {processor.py:171} INFO - Processing /opt/airflow/dags/yellow_taxi_gcs_dag.py took 28.907 seconds
[2022-07-22 13:28:55,150] {processor.py:163} INFO - Started process (PID=241) to work on /opt/airflow/dags/yellow_taxi_gcs_dag.py
[2022-07-22 13:28:55,155] {processor.py:642} INFO - Processing file /opt/airflow/dags/yellow_taxi_gcs_dag.py for tasks to queue
[2022-07-22 13:28:55,161] {logging_mixin.py:109} INFO - [2022-07-22 13:28:55,161] {dagbag.py:500} INFO - Filling up the DagBag from /opt/airflow/dags/yellow_taxi_gcs_dag.py
[2022-07-22 13:28:57,630] {processor.py:654} INFO - DAG(s) dict_keys(['yellow_taxi_gcs_dag']) retrieved from /opt/airflow/dags/yellow_taxi_gcs_dag.py
[2022-07-22 13:28:57,765] {logging_mixin.py:109} INFO - [2022-07-22 13:28:57,765] {dag.py:2396} INFO - Sync 1 DAGs
[2022-07-22 13:28:57,801] {logging_mixin.py:109} INFO - [2022-07-22 13:28:57,801] {dag.py:2935} INFO - Setting next_dagrun for yellow_taxi_gcs_dag to 2019-01-01 00:15:00+00:00
[2022-07-22 13:28:57,836] {processor.py:171} INFO - Processing /opt/airflow/dags/yellow_taxi_gcs_dag.py took 2.703 seconds
[2022-07-22 13:29:27,995] {processor.py:163} INFO - Started process (PID=296) to work on /opt/airflow/dags/yellow_taxi_gcs_dag.py
[2022-07-22 13:29:27,997] {processor.py:642} INFO - Processing file /opt/airflow/dags/yellow_taxi_gcs_dag.py for tasks to queue
[2022-07-22 13:29:27,998] {logging_mixin.py:109} INFO - [2022-07-22 13:29:27,998] {dagbag.py:500} INFO - Filling up the DagBag from /opt/airflow/dags/yellow_taxi_gcs_dag.py
[2022-07-22 13:29:29,303] {processor.py:654} INFO - DAG(s) dict_keys(['yellow_taxi_gcs_dag']) retrieved from /opt/airflow/dags/yellow_taxi_gcs_dag.py
[2022-07-22 13:29:29,405] {logging_mixin.py:109} INFO - [2022-07-22 13:29:29,405] {dag.py:2396} INFO - Sync 1 DAGs
[2022-07-22 13:29:29,436] {logging_mixin.py:109} INFO - [2022-07-22 13:29:29,435] {dag.py:2935} INFO - Setting next_dagrun for yellow_taxi_gcs_dag to 2019-01-01 00:15:00+00:00
[2022-07-22 13:29:29,454] {processor.py:171} INFO - Processing /opt/airflow/dags/yellow_taxi_gcs_dag.py took 1.466 seconds
[2022-07-22 13:29:59,643] {processor.py:163} INFO - Started process (PID=344) to work on /opt/airflow/dags/yellow_taxi_gcs_dag.py
[2022-07-22 13:29:59,648] {processor.py:642} INFO - Processing file /opt/airflow/dags/yellow_taxi_gcs_dag.py for tasks to queue
[2022-07-22 13:29:59,649] {logging_mixin.py:109} INFO - [2022-07-22 13:29:59,649] {dagbag.py:500} INFO - Filling up the DagBag from /opt/airflow/dags/yellow_taxi_gcs_dag.py
[2022-07-22 13:30:00,774] {processor.py:654} INFO - DAG(s) dict_keys(['yellow_taxi_gcs_dag']) retrieved from /opt/airflow/dags/yellow_taxi_gcs_dag.py
[2022-07-22 13:30:00,882] {logging_mixin.py:109} INFO - [2022-07-22 13:30:00,882] {dag.py:2396} INFO - Sync 1 DAGs
[2022-07-22 13:30:00,908] {logging_mixin.py:109} INFO - [2022-07-22 13:30:00,908] {dag.py:2935} INFO - Setting next_dagrun for yellow_taxi_gcs_dag to 2019-01-01 00:15:00+00:00
[2022-07-22 13:30:00,922] {processor.py:171} INFO - Processing /opt/airflow/dags/yellow_taxi_gcs_dag.py took 1.289 seconds
[2022-07-22 13:40:21,919] {processor.py:163} INFO - Started process (PID=176) to work on /opt/airflow/dags/yellow_taxi_gcs_dag.py
[2022-07-22 13:40:21,922] {processor.py:642} INFO - Processing file /opt/airflow/dags/yellow_taxi_gcs_dag.py for tasks to queue
[2022-07-22 13:40:21,923] {logging_mixin.py:109} INFO - [2022-07-22 13:40:21,923] {dagbag.py:500} INFO - Filling up the DagBag from /opt/airflow/dags/yellow_taxi_gcs_dag.py
[2022-07-22 13:40:25,735] {processor.py:654} INFO - DAG(s) dict_keys(['yellow_taxi_gcs_dag']) retrieved from /opt/airflow/dags/yellow_taxi_gcs_dag.py
[2022-07-22 13:40:31,506] {logging_mixin.py:109} INFO - [2022-07-22 13:40:31,505] {manager.py:496} INFO - Created Permission View: can read on DAG:yellow_taxi_gcs_dag
[2022-07-22 13:40:31,531] {logging_mixin.py:109} INFO - [2022-07-22 13:40:31,531] {manager.py:496} INFO - Created Permission View: can edit on DAG:yellow_taxi_gcs_dag
[2022-07-22 13:40:31,536] {logging_mixin.py:109} INFO - [2022-07-22 13:40:31,535] {dag.py:2396} INFO - Sync 1 DAGs
[2022-07-22 13:40:31,553] {logging_mixin.py:109} INFO - [2022-07-22 13:40:31,553] {dag.py:2415} INFO - Creating ORM DAG for yellow_taxi_gcs_dag
[2022-07-22 13:40:31,575] {logging_mixin.py:109} INFO - [2022-07-22 13:40:31,575] {dag.py:2935} INFO - Setting next_dagrun for yellow_taxi_gcs_dag to 2019-01-01 00:15:00+00:00
[2022-07-22 13:40:31,607] {processor.py:171} INFO - Processing /opt/airflow/dags/yellow_taxi_gcs_dag.py took 9.693 seconds
[2022-07-22 13:41:01,781] {processor.py:163} INFO - Started process (PID=227) to work on /opt/airflow/dags/yellow_taxi_gcs_dag.py
[2022-07-22 13:41:01,783] {processor.py:642} INFO - Processing file /opt/airflow/dags/yellow_taxi_gcs_dag.py for tasks to queue
[2022-07-22 13:41:01,784] {logging_mixin.py:109} INFO - [2022-07-22 13:41:01,784] {dagbag.py:500} INFO - Filling up the DagBag from /opt/airflow/dags/yellow_taxi_gcs_dag.py
[2022-07-22 13:41:03,109] {processor.py:654} INFO - DAG(s) dict_keys(['yellow_taxi_gcs_dag']) retrieved from /opt/airflow/dags/yellow_taxi_gcs_dag.py
[2022-07-22 13:41:03,161] {logging_mixin.py:109} INFO - [2022-07-22 13:41:03,160] {dag.py:2396} INFO - Sync 1 DAGs
[2022-07-22 13:41:03,470] {logging_mixin.py:109} INFO - [2022-07-22 13:41:03,470] {dag.py:2935} INFO - Setting next_dagrun for yellow_taxi_gcs_dag to 2019-01-01 00:15:00+00:00
[2022-07-22 13:41:03,508] {processor.py:171} INFO - Processing /opt/airflow/dags/yellow_taxi_gcs_dag.py took 1.728 seconds
[2022-07-22 13:41:33,644] {processor.py:163} INFO - Started process (PID=282) to work on /opt/airflow/dags/yellow_taxi_gcs_dag.py
[2022-07-22 13:41:33,647] {processor.py:642} INFO - Processing file /opt/airflow/dags/yellow_taxi_gcs_dag.py for tasks to queue
[2022-07-22 13:41:33,652] {logging_mixin.py:109} INFO - [2022-07-22 13:41:33,652] {dagbag.py:500} INFO - Filling up the DagBag from /opt/airflow/dags/yellow_taxi_gcs_dag.py
[2022-07-22 13:41:35,790] {processor.py:654} INFO - DAG(s) dict_keys(['yellow_taxi_gcs_dag']) retrieved from /opt/airflow/dags/yellow_taxi_gcs_dag.py
[2022-07-22 13:41:35,862] {logging_mixin.py:109} INFO - [2022-07-22 13:41:35,861] {dag.py:2396} INFO - Sync 1 DAGs
[2022-07-22 13:41:35,878] {logging_mixin.py:109} INFO - [2022-07-22 13:41:35,878] {dag.py:2935} INFO - Setting next_dagrun for yellow_taxi_gcs_dag to 2019-01-01 00:15:00+00:00
[2022-07-22 13:41:35,889] {processor.py:171} INFO - Processing /opt/airflow/dags/yellow_taxi_gcs_dag.py took 2.252 seconds
[2022-07-22 13:42:05,976] {processor.py:163} INFO - Started process (PID=327) to work on /opt/airflow/dags/yellow_taxi_gcs_dag.py
[2022-07-22 13:42:05,979] {processor.py:642} INFO - Processing file /opt/airflow/dags/yellow_taxi_gcs_dag.py for tasks to queue
[2022-07-22 13:42:05,980] {logging_mixin.py:109} INFO - [2022-07-22 13:42:05,980] {dagbag.py:500} INFO - Filling up the DagBag from /opt/airflow/dags/yellow_taxi_gcs_dag.py
[2022-07-22 13:42:07,012] {processor.py:654} INFO - DAG(s) dict_keys(['yellow_taxi_gcs_dag']) retrieved from /opt/airflow/dags/yellow_taxi_gcs_dag.py
[2022-07-22 13:42:07,105] {logging_mixin.py:109} INFO - [2022-07-22 13:42:07,105] {dag.py:2396} INFO - Sync 1 DAGs
[2022-07-22 13:42:07,132] {logging_mixin.py:109} INFO - [2022-07-22 13:42:07,132] {dag.py:2935} INFO - Setting next_dagrun for yellow_taxi_gcs_dag to 2019-01-01 00:15:00+00:00
[2022-07-22 13:42:07,150] {processor.py:171} INFO - Processing /opt/airflow/dags/yellow_taxi_gcs_dag.py took 1.179 seconds
[2022-07-22 13:42:37,305] {processor.py:163} INFO - Started process (PID=385) to work on /opt/airflow/dags/yellow_taxi_gcs_dag.py
[2022-07-22 13:42:37,309] {processor.py:642} INFO - Processing file /opt/airflow/dags/yellow_taxi_gcs_dag.py for tasks to queue
[2022-07-22 13:42:37,310] {logging_mixin.py:109} INFO - [2022-07-22 13:42:37,310] {dagbag.py:500} INFO - Filling up the DagBag from /opt/airflow/dags/yellow_taxi_gcs_dag.py
[2022-07-22 13:42:38,895] {processor.py:654} INFO - DAG(s) dict_keys(['yellow_taxi_gcs_dag']) retrieved from /opt/airflow/dags/yellow_taxi_gcs_dag.py
[2022-07-22 13:42:38,992] {logging_mixin.py:109} INFO - [2022-07-22 13:42:38,992] {dag.py:2396} INFO - Sync 1 DAGs
[2022-07-22 13:42:39,024] {logging_mixin.py:109} INFO - [2022-07-22 13:42:39,023] {dag.py:2935} INFO - Setting next_dagrun for yellow_taxi_gcs_dag to 2019-01-01 00:15:00+00:00
[2022-07-22 13:42:39,044] {processor.py:171} INFO - Processing /opt/airflow/dags/yellow_taxi_gcs_dag.py took 1.745 seconds
[2022-07-22 13:43:09,162] {processor.py:163} INFO - Started process (PID=432) to work on /opt/airflow/dags/yellow_taxi_gcs_dag.py
[2022-07-22 13:43:09,168] {processor.py:642} INFO - Processing file /opt/airflow/dags/yellow_taxi_gcs_dag.py for tasks to queue
[2022-07-22 13:43:09,169] {logging_mixin.py:109} INFO - [2022-07-22 13:43:09,169] {dagbag.py:500} INFO - Filling up the DagBag from /opt/airflow/dags/yellow_taxi_gcs_dag.py
[2022-07-22 13:43:10,546] {processor.py:654} INFO - DAG(s) dict_keys(['yellow_taxi_gcs_dag']) retrieved from /opt/airflow/dags/yellow_taxi_gcs_dag.py
[2022-07-22 13:43:10,560] {logging_mixin.py:109} INFO - [2022-07-22 13:43:10,560] {dag.py:2396} INFO - Sync 1 DAGs
[2022-07-22 13:43:10,585] {logging_mixin.py:109} INFO - [2022-07-22 13:43:10,585] {dag.py:2935} INFO - Setting next_dagrun for yellow_taxi_gcs_dag to 2019-01-01 00:15:00+00:00
[2022-07-22 13:43:10,600] {processor.py:171} INFO - Processing /opt/airflow/dags/yellow_taxi_gcs_dag.py took 1.443 seconds
